{"/Users/aquilesmariani/Projects/chipperApp/website/web/testSetup.js": {"path":"/Users/aquilesmariani/Projects/chipperApp/website/web/testSetup.js","statementMap":{"0":{"start":{"line":6,"column":0},"end":{"line":6,"column":44}}},"fnMap":{},"branchMap":{},"s":{"0":22},"f":{},"b":{},"_coverageSchema":"332fd63041d2c1bcb487cc26dd0d5f7d97098a6c","hash":"dcf029b6f286f29b48f9d4cb576a9f6ceb603cad"}
,"/Users/aquilesmariani/Projects/chipperApp/website/web/config/env.js": {"path":"/Users/aquilesmariani/Projects/chipperApp/website/web/config/env.js","statementMap":{"0":{"start":{"line":4,"column":29},"end":{"line":4,"column":33}},"1":{"start":{"line":39,"column":4},"end":{"line":39,"column":15}},"2":{"start":{"line":43,"column":22},"end":{"line":62,"column":1}},"3":{"start":{"line":65,"column":25},"end":{"line":67,"column":1}},"4":{"start":{"line":65,"column":40},"end":{"line":67,"column":1}},"5":{"start":{"line":70,"column":15},"end":{"line":76,"column":1}},"6":{"start":{"line":72,"column":2},"end":{"line":72,"column":37}},"7":{"start":{"line":72,"column":27},"end":{"line":72,"column":37}},"8":{"start":{"line":73,"column":2},"end":{"line":73,"column":54}},"9":{"start":{"line":73,"column":19},"end":{"line":73,"column":54}},"10":{"start":{"line":74,"column":2},"end":{"line":74,"column":12}},"11":{"start":{"line":79,"column":19},"end":{"line":79,"column":27}}},"fnMap":{"0":{"name":"(anonymous_0)","decl":{"start":{"line":65,"column":25},"end":{"line":65,"column":26}},"loc":{"start":{"line":65,"column":40},"end":{"line":67,"column":1}},"line":65},"1":{"name":"(anonymous_1)","decl":{"start":{"line":70,"column":15},"end":{"line":70,"column":16}},"loc":{"start":{"line":70,"column":31},"end":{"line":76,"column":1}},"line":70}},"branchMap":{"0":{"loc":{"start":{"line":48,"column":12},"end":{"line":48,"column":36}},"type":"binary-expr","locations":[{"start":{"line":48,"column":12},"end":{"line":48,"column":20}},{"start":{"line":48,"column":24},"end":{"line":48,"column":36}}],"line":48},"1":{"loc":{"start":{"line":51,"column":11},"end":{"line":51,"column":49}},"type":"binary-expr","locations":[{"start":{"line":51,"column":11},"end":{"line":51,"column":18}},{"start":{"line":51,"column":22},"end":{"line":51,"column":49}}],"line":51},"2":{"loc":{"start":{"line":52,"column":12},"end":{"line":52,"column":47}},"type":"binary-expr","locations":[{"start":{"line":52,"column":12},"end":{"line":52,"column":20}},{"start":{"line":52,"column":24},"end":{"line":52,"column":47}}],"line":52},"3":{"loc":{"start":{"line":59,"column":15},"end":{"line":59,"column":43}},"type":"binary-expr","locations":[{"start":{"line":59,"column":15},"end":{"line":59,"column":26}},{"start":{"line":59,"column":30},"end":{"line":59,"column":43}}],"line":59},"4":{"loc":{"start":{"line":60,"column":17},"end":{"line":60,"column":68}},"type":"binary-expr","locations":[{"start":{"line":60,"column":17},"end":{"line":60,"column":30}},{"start":{"line":60,"column":34},"end":{"line":60,"column":68}}],"line":60},"5":{"loc":{"start":{"line":66,"column":2},"end":{"line":66,"column":50}},"type":"binary-expr","locations":[{"start":{"line":66,"column":2},"end":{"line":66,"column":31}},{"start":{"line":66,"column":35},"end":{"line":66,"column":50}}],"line":66},"6":{"loc":{"start":{"line":72,"column":2},"end":{"line":72,"column":37}},"type":"if","locations":[{"start":{"line":72,"column":2},"end":{"line":72,"column":37}},{"start":{"line":72,"column":2},"end":{"line":72,"column":37}}],"line":72},"7":{"loc":{"start":{"line":73,"column":2},"end":{"line":73,"column":54}},"type":"if","locations":[{"start":{"line":73,"column":2},"end":{"line":73,"column":54}},{"start":{"line":73,"column":2},"end":{"line":73,"column":54}}],"line":73}},"s":{"0":3,"1":3,"2":3,"3":3,"4":9,"5":3,"6":3,"7":3,"8":0,"9":0,"10":0,"11":3},"f":{"0":9,"1":3},"b":{"0":[3,0],"1":[3,3],"2":[3,3],"3":[3,3],"4":[3,3],"5":[9,9],"6":[3,0],"7":[0,0]},"_coverageSchema":"332fd63041d2c1bcb487cc26dd0d5f7d97098a6c","hash":"3c6209708e9b10e3e94a7240ec5efe547174aceb"}
,"/Users/aquilesmariani/Projects/chipperApp/website/web/config/muiTheme.js": {"path":"/Users/aquilesmariani/Projects/chipperApp/website/web/config/muiTheme.js","statementMap":{"0":{"start":{"line":6,"column":26},"end":{"line":48,"column":2}},"1":{"start":{"line":6,"column":58},"end":{"line":48,"column":2}}},"fnMap":{"0":{"name":"(anonymous_0)","decl":{"start":{"line":6,"column":26},"end":{"line":6,"column":27}},"loc":{"start":{"line":6,"column":58},"end":{"line":48,"column":2}},"line":6}},"branchMap":{},"s":{"0":1,"1":5},"f":{"0":5},"b":{},"_coverageSchema":"332fd63041d2c1bcb487cc26dd0d5f7d97098a6c","hash":"ad752c3924409cf91ab702b496c7a2fc2de4280a"}
,"/Users/aquilesmariani/Projects/chipperApp/website/web/config/offline.js": {"path":"/Users/aquilesmariani/Projects/chipperApp/website/web/config/offline.js","statementMap":{"0":{"start":{"line":6,"column":20},"end":{"line":6,"column":46}},"1":{"start":{"line":9,"column":22},"end":{"line":12,"column":1}},"2":{"start":{"line":15,"column":0},"end":{"line":41,"column":1}},"3":{"start":{"line":36,"column":4},"end":{"line":38,"column":13}}},"fnMap":{"0":{"name":"(anonymous_0)","decl":{"start":{"line":33,"column":12},"end":{"line":33,"column":13}},"loc":{"start":{"line":36,"column":4},"end":{"line":38,"column":13}},"line":36}},"branchMap":{"0":{"loc":{"start":{"line":36,"column":4},"end":{"line":38,"column":13}},"type":"cond-expr","locations":[{"start":{"line":37,"column":8},"end":{"line":37,"column":26}},{"start":{"line":38,"column":8},"end":{"line":38,"column":13}}],"line":36}},"s":{"0":1,"1":1,"2":1,"3":0},"f":{"0":0},"b":{"0":[0,0]},"_coverageSchema":"332fd63041d2c1bcb487cc26dd0d5f7d97098a6c","hash":"dc5b75f67d573659ece1a89190be0223d82f254f"}
,"/Users/aquilesmariani/Projects/chipperApp/website/web/config/variables.js": {"path":"/Users/aquilesmariani/Projects/chipperApp/website/web/config/variables.js","statementMap":{"0":{"start":{"line":9,"column":18},"end":{"line":73,"column":1}},"1":{"start":{"line":76,"column":0},"end":{"line":76,"column":26}}},"fnMap":{},"branchMap":{},"s":{"0":7,"1":7},"f":{},"b":{},"_coverageSchema":"332fd63041d2c1bcb487cc26dd0d5f7d97098a6c","hash":"2409ecec276c84ee24330ec589280ae849033b7a"}
,"/Users/aquilesmariani/Projects/chipperApp/website/web/config/webpack/browser.js": {"path":"/Users/aquilesmariani/Projects/chipperApp/website/web/config/webpack/browser.js","statementMap":{"0":{"start":{"line":3,"column":13},"end":{"line":3,"column":28}},"1":{"start":{"line":4,"column":21},"end":{"line":4,"column":53}},"2":{"start":{"line":5,"column":28},"end":{"line":5,"column":68}},"3":{"start":{"line":6,"column":26},"end":{"line":6,"column":63}},"4":{"start":{"line":7,"column":19},"end":{"line":7,"column":49}},"5":{"start":{"line":9,"column":22},"end":{"line":9,"column":47}},"6":{"start":{"line":10,"column":25},"end":{"line":10,"column":54}},"7":{"start":{"line":11,"column":16},"end":{"line":11,"column":34}},"8":{"start":{"line":12,"column":13},"end":{"line":12,"column":46}},"9":{"start":{"line":20,"column":4},"end":{"line":20,"column":39}},"10":{"start":{"line":22,"column":14},"end":{"line":22,"column":39}},"11":{"start":{"line":23,"column":19},"end":{"line":23,"column":49}},"12":{"start":{"line":27,"column":15},"end":{"line":27,"column":41}},"13":{"start":{"line":29,"column":17},"end":{"line":29,"column":45}},"14":{"start":{"line":30,"column":19},"end":{"line":30,"column":49}},"15":{"start":{"line":31,"column":18},"end":{"line":31,"column":47}},"16":{"start":{"line":32,"column":20},"end":{"line":32,"column":51}},"17":{"start":{"line":34,"column":28},"end":{"line":34,"column":49}},"18":{"start":{"line":35,"column":20},"end":{"line":35,"column":58}},"19":{"start":{"line":37,"column":21},"end":{"line":37,"column":32}},"20":{"start":{"line":39,"column":15},"end":{"line":158,"column":2}},"21":{"start":{"line":119,"column":4},"end":{"line":155,"column":5}},"22":{"start":{"line":121,"column":6},"end":{"line":125,"column":8}},"23":{"start":{"line":127,"column":6},"end":{"line":153,"column":7}},"24":{"start":{"line":161,"column":0},"end":{"line":161,"column":23}}},"fnMap":{"0":{"name":"getCustomLoadersBlock","decl":{"start":{"line":117,"column":12},"end":{"line":117,"column":33}},"loc":{"start":{"line":117,"column":37},"end":{"line":157,"column":3}},"line":117},"1":{"name":"(anonymous_1)","decl":{"start":{"line":119,"column":11},"end":{"line":119,"column":12}},"loc":{"start":{"line":119,"column":22},"end":{"line":155,"column":5}},"line":119}},"branchMap":{"0":{"loc":{"start":{"line":59,"column":33},"end":{"line":59,"column":58}},"type":"binary-expr","locations":[{"start":{"line":59,"column":33},"end":{"line":59,"column":41}},{"start":{"line":59,"column":45},"end":{"line":59,"column":58}}],"line":59}},"s":{"0":1,"1":1,"2":1,"3":1,"4":1,"5":1,"6":1,"7":1,"8":1,"9":1,"10":1,"11":1,"12":1,"13":1,"14":1,"15":1,"16":1,"17":1,"18":1,"19":1,"20":1,"21":1,"22":1,"23":1,"24":1},"f":{"0":1,"1":1},"b":{"0":[1,0]},"_coverageSchema":"332fd63041d2c1bcb487cc26dd0d5f7d97098a6c","hash":"67507cb6ece8cabe1b6a47d3d7e34a4db42badaa"}
,"/Users/aquilesmariani/Projects/chipperApp/website/web/config/webpack/server.js": {"path":"/Users/aquilesmariani/Projects/chipperApp/website/web/config/webpack/server.js","statementMap":{"0":{"start":{"line":3,"column":13},"end":{"line":3,"column":28}},"1":{"start":{"line":4,"column":16},"end":{"line":4,"column":34}},"2":{"start":{"line":12,"column":4},"end":{"line":12,"column":39}},"3":{"start":{"line":14,"column":14},"end":{"line":14,"column":39}},"4":{"start":{"line":15,"column":19},"end":{"line":15,"column":49}},"5":{"start":{"line":16,"column":17},"end":{"line":16,"column":45}},"6":{"start":{"line":17,"column":21},"end":{"line":17,"column":53}},"7":{"start":{"line":18,"column":19},"end":{"line":18,"column":49}},"8":{"start":{"line":19,"column":18},"end":{"line":19,"column":47}},"9":{"start":{"line":20,"column":20},"end":{"line":20,"column":51}},"10":{"start":{"line":23,"column":15},"end":{"line":119,"column":2}},"11":{"start":{"line":74,"column":4},"end":{"line":115,"column":5}},"12":{"start":{"line":76,"column":6},"end":{"line":80,"column":8}},"13":{"start":{"line":82,"column":6},"end":{"line":113,"column":7}},"14":{"start":{"line":122,"column":0},"end":{"line":122,"column":23}}},"fnMap":{"0":{"name":"getCustomLoadersBlock","decl":{"start":{"line":72,"column":12},"end":{"line":72,"column":33}},"loc":{"start":{"line":72,"column":37},"end":{"line":117,"column":3}},"line":72},"1":{"name":"(anonymous_1)","decl":{"start":{"line":74,"column":11},"end":{"line":74,"column":12}},"loc":{"start":{"line":74,"column":22},"end":{"line":115,"column":5}},"line":74}},"branchMap":{},"s":{"0":1,"1":1,"2":1,"3":1,"4":1,"5":1,"6":1,"7":1,"8":1,"9":1,"10":1,"11":1,"12":1,"13":1,"14":1},"f":{"0":1,"1":1},"b":{},"_coverageSchema":"332fd63041d2c1bcb487cc26dd0d5f7d97098a6c","hash":"bdd3c8437d3922d2d806136969fc1f3675c6c39a"}
,"/Users/aquilesmariani/Projects/chipperApp/website/web/config/webpack/blocks/babel.js": {"path":"/Users/aquilesmariani/Projects/chipperApp/website/web/config/webpack/blocks/babel.js","statementMap":{"0":{"start":{"line":6,"column":2},"end":{"line":44,"column":3}},"1":{"start":{"line":8,"column":25},"end":{"line":8,"column":36}},"2":{"start":{"line":9,"column":27},"end":{"line":9,"column":53}},"3":{"start":{"line":11,"column":4},"end":{"line":42,"column":5}},"4":{"start":{"line":49,"column":0},"end":{"line":49,"column":22}}},"fnMap":{"0":{"name":"babel","decl":{"start":{"line":3,"column":9},"end":{"line":3,"column":14}},"loc":{"start":{"line":3,"column":18},"end":{"line":46,"column":1}},"line":3},"1":{"name":"(anonymous_1)","decl":{"start":{"line":6,"column":9},"end":{"line":6,"column":10}},"loc":{"start":{"line":6,"column":37},"end":{"line":44,"column":3}},"line":6}},"branchMap":{},"s":{"0":2,"1":2,"2":2,"3":2,"4":2},"f":{"0":2,"1":2},"b":{},"_coverageSchema":"332fd63041d2c1bcb487cc26dd0d5f7d97098a6c","hash":"668f97e96e1c341cb647d28660d2f308178ee770"}
,"/Users/aquilesmariani/Projects/chipperApp/website/web/config/webpack/blocks/cssModules.js": {"path":"/Users/aquilesmariani/Projects/chipperApp/website/web/config/webpack/blocks/cssModules.js","statementMap":{"0":{"start":{"line":2,"column":26},"end":{"line":2,"column":64}},"1":{"start":{"line":9,"column":18},"end":{"line":11,"column":4}},"2":{"start":{"line":13,"column":2},"end":{"line":15,"column":9}},"3":{"start":{"line":28,"column":15},"end":{"line":30,"column":35}},"4":{"start":{"line":32,"column":18},"end":{"line":34,"column":15}},"5":{"start":{"line":36,"column":17},"end":{"line":38,"column":18}},"6":{"start":{"line":40,"column":25},"end":{"line":42,"column":46}},"7":{"start":{"line":44,"column":24},"end":{"line":46,"column":7}},"8":{"start":{"line":48,"column":14},"end":{"line":59,"column":3}},"9":{"start":{"line":61,"column":2},"end":{"line":65,"column":3}},"10":{"start":{"line":71,"column":2},"end":{"line":106,"column":3}},"11":{"start":{"line":75,"column":25},"end":{"line":75,"column":36}},"12":{"start":{"line":77,"column":4},"end":{"line":79,"column":6}},"13":{"start":{"line":81,"column":19},"end":{"line":89,"column":5}},"14":{"start":{"line":91,"column":4},"end":{"line":102,"column":5}},"15":{"start":{"line":93,"column":6},"end":{"line":100,"column":8}},"16":{"start":{"line":104,"column":4},"end":{"line":104,"column":17}},"17":{"start":{"line":111,"column":0},"end":{"line":111,"column":27}}},"fnMap":{"0":{"name":"wrapExtract","decl":{"start":{"line":5,"column":9},"end":{"line":5,"column":20}},"loc":{"start":{"line":7,"column":2},"end":{"line":17,"column":1}},"line":7},"1":{"name":"getRule","decl":{"start":{"line":19,"column":9},"end":{"line":19,"column":16}},"loc":{"start":{"line":26,"column":2},"end":{"line":67,"column":1}},"line":26},"2":{"name":"cssModules","decl":{"start":{"line":69,"column":9},"end":{"line":69,"column":19}},"loc":{"start":{"line":69,"column":23},"end":{"line":108,"column":1}},"line":69},"3":{"name":"(anonymous_3)","decl":{"start":{"line":71,"column":9},"end":{"line":71,"column":10}},"loc":{"start":{"line":73,"column":7},"end":{"line":106,"column":3}},"line":73}},"branchMap":{"0":{"loc":{"start":{"line":13,"column":9},"end":{"line":15,"column":9}},"type":"cond-expr","locations":[{"start":{"line":14,"column":6},"end":{"line":14,"column":13}},{"start":{"line":15,"column":6},"end":{"line":15,"column":9}}],"line":13},"1":{"loc":{"start":{"line":28,"column":15},"end":{"line":30,"column":35}},"type":"cond-expr","locations":[{"start":{"line":29,"column":6},"end":{"line":29,"column":26}},{"start":{"line":30,"column":6},"end":{"line":30,"column":35}}],"line":28},"2":{"loc":{"start":{"line":32,"column":18},"end":{"line":34,"column":15}},"type":"cond-expr","locations":[{"start":{"line":33,"column":6},"end":{"line":33,"column":20}},{"start":{"line":34,"column":6},"end":{"line":34,"column":15}}],"line":32},"3":{"loc":{"start":{"line":36,"column":17},"end":{"line":38,"column":18}},"type":"cond-expr","locations":[{"start":{"line":37,"column":6},"end":{"line":37,"column":25}},{"start":{"line":38,"column":6},"end":{"line":38,"column":18}}],"line":36},"4":{"loc":{"start":{"line":40,"column":25},"end":{"line":42,"column":46}},"type":"cond-expr","locations":[{"start":{"line":41,"column":6},"end":{"line":41,"column":23}},{"start":{"line":42,"column":6},"end":{"line":42,"column":46}}],"line":40},"5":{"loc":{"start":{"line":44,"column":24},"end":{"line":46,"column":7}},"type":"cond-expr","locations":[{"start":{"line":45,"column":6},"end":{"line":45,"column":7}},{"start":{"line":46,"column":6},"end":{"line":46,"column":7}}],"line":44},"6":{"loc":{"start":{"line":91,"column":4},"end":{"line":102,"column":5}},"type":"if","locations":[{"start":{"line":91,"column":4},"end":{"line":102,"column":5}},{"start":{"line":91,"column":4},"end":{"line":102,"column":5}}],"line":91}},"s":{"0":3,"1":12,"2":12,"3":12,"4":12,"5":12,"6":12,"7":12,"8":12,"9":12,"10":6,"11":6,"12":6,"13":6,"14":6,"15":3,"16":3,"17":3},"f":{"0":12,"1":12,"2":6,"3":6},"b":{"0":[6,6],"1":[6,6],"2":[6,6],"3":[6,6],"4":[4,8],"5":[6,6],"6":[3,3]},"_coverageSchema":"332fd63041d2c1bcb487cc26dd0d5f7d97098a6c","hash":"5c2478ed41d4bb8356b2df0458338cbfb2fcc40b"}
,"/Users/aquilesmariani/Projects/chipperApp/website/web/config/webpack/blocks/eslint.js": {"path":"/Users/aquilesmariani/Projects/chipperApp/website/web/config/webpack/blocks/eslint.js","statementMap":{"0":{"start":{"line":5,"column":2},"end":{"line":20,"column":4}},"1":{"start":{"line":5,"column":38},"end":{"line":20,"column":3}},"2":{"start":{"line":25,"column":0},"end":{"line":25,"column":23}}},"fnMap":{"0":{"name":"eslint","decl":{"start":{"line":2,"column":9},"end":{"line":2,"column":15}},"loc":{"start":{"line":2,"column":19},"end":{"line":22,"column":1}},"line":2},"1":{"name":"(anonymous_1)","decl":{"start":{"line":5,"column":9},"end":{"line":5,"column":10}},"loc":{"start":{"line":5,"column":38},"end":{"line":20,"column":3}},"line":5}},"branchMap":{},"s":{"0":1,"1":0,"2":1},"f":{"0":1,"1":0},"b":{},"_coverageSchema":"332fd63041d2c1bcb487cc26dd0d5f7d97098a6c","hash":"4424bc5854d95102956fd07e46861b663b9c3525"}
,"/Users/aquilesmariani/Projects/chipperApp/website/web/config/webpack/blocks/getEntry.js": {"path":"/Users/aquilesmariani/Projects/chipperApp/website/web/config/webpack/blocks/getEntry.js","statementMap":{"0":{"start":{"line":2,"column":13},"end":{"line":2,"column":28}},"1":{"start":{"line":4,"column":21},"end":{"line":4,"column":32}},"2":{"start":{"line":9,"column":2},"end":{"line":65,"column":3}},"3":{"start":{"line":13,"column":4},"end":{"line":13,"column":31}},"4":{"start":{"line":13,"column":15},"end":{"line":13,"column":31}},"5":{"start":{"line":15,"column":4},"end":{"line":61,"column":5}},"6":{"start":{"line":17,"column":6},"end":{"line":34,"column":7}},"7":{"start":{"line":37,"column":9},"end":{"line":61,"column":5}},"8":{"start":{"line":41,"column":26},"end":{"line":43,"column":12}},"9":{"start":{"line":44,"column":21},"end":{"line":46,"column":7}},"10":{"start":{"line":51,"column":28},"end":{"line":51,"column":69}},"11":{"start":{"line":52,"column":6},"end":{"line":57,"column":8}},"12":{"start":{"line":54,"column":23},"end":{"line":54,"column":55}},"13":{"start":{"line":55,"column":8},"end":{"line":55,"column":29}},"14":{"start":{"line":59,"column":6},"end":{"line":59,"column":30}},"15":{"start":{"line":63,"column":4},"end":{"line":63,"column":63}},"16":{"start":{"line":70,"column":0},"end":{"line":70,"column":25}}},"fnMap":{"0":{"name":"getEntry","decl":{"start":{"line":7,"column":9},"end":{"line":7,"column":17}},"loc":{"start":{"line":7,"column":63},"end":{"line":67,"column":1}},"line":7},"1":{"name":"(anonymous_1)","decl":{"start":{"line":9,"column":9},"end":{"line":9,"column":10}},"loc":{"start":{"line":11,"column":29},"end":{"line":65,"column":3}},"line":11},"2":{"name":"(anonymous_2)","decl":{"start":{"line":52,"column":28},"end":{"line":52,"column":29}},"loc":{"start":{"line":52,"column":36},"end":{"line":57,"column":7}},"line":52}},"branchMap":{"0":{"loc":{"start":{"line":13,"column":4},"end":{"line":13,"column":31}},"type":"if","locations":[{"start":{"line":13,"column":4},"end":{"line":13,"column":31}},{"start":{"line":13,"column":4},"end":{"line":13,"column":31}}],"line":13},"1":{"loc":{"start":{"line":15,"column":4},"end":{"line":61,"column":5}},"type":"if","locations":[{"start":{"line":15,"column":4},"end":{"line":61,"column":5}},{"start":{"line":15,"column":4},"end":{"line":61,"column":5}}],"line":15},"2":{"loc":{"start":{"line":37,"column":9},"end":{"line":61,"column":5}},"type":"if","locations":[{"start":{"line":37,"column":9},"end":{"line":61,"column":5}},{"start":{"line":37,"column":9},"end":{"line":61,"column":5}}],"line":37},"3":{"loc":{"start":{"line":41,"column":26},"end":{"line":43,"column":12}},"type":"cond-expr","locations":[{"start":{"line":42,"column":10},"end":{"line":42,"column":34}},{"start":{"line":43,"column":10},"end":{"line":43,"column":12}}],"line":41}},"s":{"0":2,"1":2,"2":2,"3":2,"4":0,"5":2,"6":1,"7":1,"8":1,"9":1,"10":1,"11":1,"12":1,"13":1,"14":1,"15":0,"16":2},"f":{"0":2,"1":2,"2":1},"b":{"0":[0,2],"1":[1,1],"2":[1,0],"3":[0,1]},"_coverageSchema":"332fd63041d2c1bcb487cc26dd0d5f7d97098a6c","hash":"e1900711a8ae08080df339ce40020d5272ea4292"}
,"/Users/aquilesmariani/Projects/chipperApp/website/web/config/webpack/blocks/getExternals.js": {"path":"/Users/aquilesmariani/Projects/chipperApp/website/web/config/webpack/blocks/getExternals.js","statementMap":{"0":{"start":{"line":2,"column":22},"end":{"line":2,"column":55}},"1":{"start":{"line":7,"column":2},"end":{"line":21,"column":3}},"2":{"start":{"line":9,"column":22},"end":{"line":15,"column":5}},"3":{"start":{"line":17,"column":4},"end":{"line":19,"column":10}},"4":{"start":{"line":26,"column":0},"end":{"line":26,"column":29}}},"fnMap":{"0":{"name":"getExternals","decl":{"start":{"line":5,"column":9},"end":{"line":5,"column":21}},"loc":{"start":{"line":5,"column":25},"end":{"line":23,"column":1}},"line":5},"1":{"name":"(anonymous_1)","decl":{"start":{"line":7,"column":9},"end":{"line":7,"column":10}},"loc":{"start":{"line":7,"column":57},"end":{"line":21,"column":3}},"line":7}},"branchMap":{"0":{"loc":{"start":{"line":17,"column":11},"end":{"line":19,"column":10}},"type":"cond-expr","locations":[{"start":{"line":18,"column":8},"end":{"line":18,"column":21}},{"start":{"line":19,"column":8},"end":{"line":19,"column":10}}],"line":17}},"s":{"0":1,"1":1,"2":1,"3":1,"4":1},"f":{"0":1,"1":1},"b":{"0":[1,0]},"_coverageSchema":"332fd63041d2c1bcb487cc26dd0d5f7d97098a6c","hash":"14ee8dc555b2dd4db03ac37085ee25aa23c530d5"}
,"/Users/aquilesmariani/Projects/chipperApp/website/web/config/webpack/blocks/getResolve.js": {"path":"/Users/aquilesmariani/Projects/chipperApp/website/web/config/webpack/blocks/getResolve.js","statementMap":{"0":{"start":{"line":2,"column":13},"end":{"line":2,"column":28}},"1":{"start":{"line":8,"column":2},"end":{"line":22,"column":4}},"2":{"start":{"line":8,"column":38},"end":{"line":22,"column":3}},"3":{"start":{"line":27,"column":0},"end":{"line":27,"column":27}}},"fnMap":{"0":{"name":"getResolve","decl":{"start":{"line":5,"column":9},"end":{"line":5,"column":19}},"loc":{"start":{"line":5,"column":23},"end":{"line":24,"column":1}},"line":5},"1":{"name":"(anonymous_1)","decl":{"start":{"line":8,"column":9},"end":{"line":8,"column":10}},"loc":{"start":{"line":8,"column":38},"end":{"line":22,"column":3}},"line":8}},"branchMap":{},"s":{"0":2,"1":2,"2":2,"3":2},"f":{"0":2,"1":2},"b":{},"_coverageSchema":"332fd63041d2c1bcb487cc26dd0d5f7d97098a6c","hash":"d7e1bb6681088093bafca82e285dbdf65566e90a"}
,"/Users/aquilesmariani/Projects/chipperApp/website/web/config/webpack/blocks/getTarget.js": {"path":"/Users/aquilesmariani/Projects/chipperApp/website/web/config/webpack/blocks/getTarget.js","statementMap":{"0":{"start":{"line":6,"column":2},"end":{"line":25,"column":3}},"1":{"start":{"line":10,"column":4},"end":{"line":10,"column":33}},"2":{"start":{"line":10,"column":16},"end":{"line":10,"column":33}},"3":{"start":{"line":12,"column":4},"end":{"line":21,"column":5}},"4":{"start":{"line":14,"column":6},"end":{"line":14,"column":30}},"5":{"start":{"line":17,"column":9},"end":{"line":21,"column":5}},"6":{"start":{"line":19,"column":6},"end":{"line":19,"column":31}},"7":{"start":{"line":23,"column":4},"end":{"line":23,"column":64}},"8":{"start":{"line":30,"column":0},"end":{"line":30,"column":26}}},"fnMap":{"0":{"name":"getTarget","decl":{"start":{"line":4,"column":9},"end":{"line":4,"column":18}},"loc":{"start":{"line":4,"column":43},"end":{"line":27,"column":1}},"line":4},"1":{"name":"(anonymous_1)","decl":{"start":{"line":6,"column":9},"end":{"line":6,"column":10}},"loc":{"start":{"line":8,"column":7},"end":{"line":25,"column":3}},"line":8}},"branchMap":{"0":{"loc":{"start":{"line":10,"column":4},"end":{"line":10,"column":33}},"type":"if","locations":[{"start":{"line":10,"column":4},"end":{"line":10,"column":33}},{"start":{"line":10,"column":4},"end":{"line":10,"column":33}}],"line":10},"1":{"loc":{"start":{"line":12,"column":4},"end":{"line":21,"column":5}},"type":"if","locations":[{"start":{"line":12,"column":4},"end":{"line":21,"column":5}},{"start":{"line":12,"column":4},"end":{"line":21,"column":5}}],"line":12},"2":{"loc":{"start":{"line":17,"column":9},"end":{"line":21,"column":5}},"type":"if","locations":[{"start":{"line":17,"column":9},"end":{"line":21,"column":5}},{"start":{"line":17,"column":9},"end":{"line":21,"column":5}}],"line":17}},"s":{"0":2,"1":2,"2":0,"3":2,"4":1,"5":1,"6":1,"7":0,"8":2},"f":{"0":2,"1":2},"b":{"0":[0,2],"1":[1,1],"2":[1,0]},"_coverageSchema":"332fd63041d2c1bcb487cc26dd0d5f7d97098a6c","hash":"58586b0795e0e56afdb5406fdf702141bce9c3ef"}
,"/Users/aquilesmariani/Projects/chipperApp/website/web/config/webpack/blocks/setPlatform.js": {"path":"/Users/aquilesmariani/Projects/chipperApp/website/web/config/webpack/blocks/setPlatform.js","statementMap":{"0":{"start":{"line":5,"column":24},"end":{"line":5,"column":75}},"1":{"start":{"line":7,"column":2},"end":{"line":12,"column":3}},"2":{"start":{"line":10,"column":4},"end":{"line":10,"column":31}},"3":{"start":{"line":14,"column":2},"end":{"line":14,"column":22}},"4":{"start":{"line":19,"column":0},"end":{"line":19,"column":28}}},"fnMap":{"0":{"name":"setPlatform","decl":{"start":{"line":3,"column":9},"end":{"line":3,"column":20}},"loc":{"start":{"line":3,"column":48},"end":{"line":16,"column":1}},"line":3},"1":{"name":"(anonymous_1)","decl":{"start":{"line":5,"column":24},"end":{"line":5,"column":25}},"loc":{"start":{"line":5,"column":73},"end":{"line":5,"column":75}},"line":5},"2":{"name":"(anonymous_2)","decl":{"start":{"line":7,"column":22},"end":{"line":7,"column":23}},"loc":{"start":{"line":7,"column":33},"end":{"line":12,"column":3}},"line":7}},"branchMap":{},"s":{"0":2,"1":2,"2":2,"3":2,"4":2},"f":{"0":2,"1":2,"2":2},"b":{},"_coverageSchema":"332fd63041d2c1bcb487cc26dd0d5f7d97098a6c","hash":"87e206ef0fabf4e0448a4d9b86e10bdc06e55001"}
,"/Users/aquilesmariani/Projects/chipperApp/website/web/server/views/Html.js": {"path":"/Users/aquilesmariani/Projects/chipperApp/website/web/server/views/Html.js","statementMap":{"0":{"start":{"line":19,"column":2},"end":{"line":19,"column":57}},"1":{"start":{"line":23,"column":13},"end":{"line":96,"column":1}},"2":{"start":{"line":25,"column":53},"end":{"line":25,"column":58}},"3":{"start":{"line":26,"column":50},"end":{"line":26,"column":54}},"4":{"start":{"line":28,"column":17},"end":{"line":28,"column":33}},"5":{"start":{"line":29,"column":19},"end":{"line":29,"column":37}},"6":{"start":{"line":30,"column":17},"end":{"line":30,"column":33}},"7":{"start":{"line":31,"column":26},"end":{"line":31,"column":32}},"8":{"start":{"line":32,"column":16},"end":{"line":32,"column":49}},"9":{"start":{"line":35,"column":4},"end":{"line":37,"column":6}},"10":{"start":{"line":40,"column":24},"end":{"line":40,"column":72}},"11":{"start":{"line":41,"column":21},"end":{"line":41,"column":67}},"12":{"start":{"line":43,"column":2},"end":{"line":94,"column":3}}},"fnMap":{"0":{"name":"generateScript","decl":{"start":{"line":17,"column":16},"end":{"line":17,"column":30}},"loc":{"start":{"line":17,"column":63},"end":{"line":21,"column":1}},"line":17},"1":{"name":"(anonymous_1)","decl":{"start":{"line":23,"column":13},"end":{"line":23,"column":14}},"loc":{"start":{"line":23,"column":31},"end":{"line":96,"column":1}},"line":23}},"branchMap":{"0":{"loc":{"start":{"line":19,"column":31},"end":{"line":19,"column":54}},"type":"binary-expr","locations":[{"start":{"line":19,"column":31},"end":{"line":19,"column":48}},{"start":{"line":19,"column":52},"end":{"line":19,"column":54}}],"line":19}},"s":{"0":9,"1":1,"2":4,"3":4,"4":4,"5":4,"6":4,"7":4,"8":4,"9":4,"10":4,"11":4,"12":4},"f":{"0":9,"1":4},"b":{"0":[9,0]},"_coverageSchema":"332fd63041d2c1bcb487cc26dd0d5f7d97098a6c","hash":"3881f062c3cb5d6355aabf4dcddde249424321c7"}
,"/Users/aquilesmariani/Projects/chipperApp/website/web/src/components/examples/Home/Home.js": {"path":"/Users/aquilesmariani/Projects/chipperApp/website/web/src/components/examples/Home/Home.js","statementMap":{"0":{"start":{"line":28,"column":8},"end":{"line":28,"column":18}},"1":{"start":{"line":30,"column":4},"end":{"line":30,"column":19}},"2":{"start":{"line":36,"column":4},"end":{"line":53,"column":5}}},"fnMap":{"0":{"name":"(anonymous_0)","decl":{"start":{"line":23,"column":17},"end":{"line":23,"column":18}},"loc":{"start":{"line":23,"column":23},"end":{"line":32,"column":3}},"line":23},"1":{"name":"(anonymous_1)","decl":{"start":{"line":34,"column":2},"end":{"line":34,"column":3}},"loc":{"start":{"line":34,"column":12},"end":{"line":55,"column":3}},"line":34}},"branchMap":{},"s":{"0":0,"1":0,"2":1},"f":{"0":0,"1":1},"b":{},"_coverageSchema":"332fd63041d2c1bcb487cc26dd0d5f7d97098a6c","hash":"5803254aade83ff5b4e34042f9d852dcfbb8716a"}
,"/Users/aquilesmariani/Projects/chipperApp/website/web/src/components/examples/Profile/Profile.js": {"path":"/Users/aquilesmariani/Projects/chipperApp/website/web/src/components/examples/Profile/Profile.js","statementMap":{"0":{"start":{"line":19,"column":4},"end":{"line":19,"column":29}},"1":{"start":{"line":29,"column":26},"end":{"line":29,"column":36}},"2":{"start":{"line":31,"column":4},"end":{"line":53,"column":5}}},"fnMap":{"0":{"name":"(anonymous_0)","decl":{"start":{"line":17,"column":2},"end":{"line":17,"column":3}},"loc":{"start":{"line":17,"column":23},"end":{"line":21,"column":3}},"line":17},"1":{"name":"(anonymous_1)","decl":{"start":{"line":27,"column":2},"end":{"line":27,"column":3}},"loc":{"start":{"line":27,"column":12},"end":{"line":55,"column":3}},"line":27}},"branchMap":{},"s":{"0":1,"1":1,"2":1},"f":{"0":1,"1":1},"b":{},"_coverageSchema":"332fd63041d2c1bcb487cc26dd0d5f7d97098a6c","hash":"569f66fd0181f4045d5880712132bb63bbaf36f5"}
,"/Users/aquilesmariani/Projects/chipperApp/website/web/src/components/examples/Template/Template.js": {"path":"/Users/aquilesmariani/Projects/chipperApp/website/web/src/components/examples/Template/Template.js","statementMap":{"0":{"start":{"line":19,"column":20},"end":{"line":19,"column":30}},"1":{"start":{"line":21,"column":4},"end":{"line":25,"column":5}}},"fnMap":{"0":{"name":"(anonymous_0)","decl":{"start":{"line":17,"column":2},"end":{"line":17,"column":3}},"loc":{"start":{"line":17,"column":12},"end":{"line":27,"column":3}},"line":17}},"branchMap":{},"s":{"0":1,"1":1},"f":{"0":1},"b":{},"_coverageSchema":"332fd63041d2c1bcb487cc26dd0d5f7d97098a6c","hash":"5da633f7353ba37b3db9a65ea04c6df23c6630ac"}
,"/Users/aquilesmariani/Projects/chipperApp/website/web/src/components/examples/Todos/Todos.js": {"path":"/Users/aquilesmariani/Projects/chipperApp/website/web/src/components/examples/Todos/Todos.js","statementMap":{"0":{"start":{"line":17,"column":4},"end":{"line":17,"column":25}},"1":{"start":{"line":27,"column":55},"end":{"line":27,"column":65}},"2":{"start":{"line":29,"column":21},"end":{"line":31,"column":5}},"3":{"start":{"line":30,"column":6},"end":{"line":30,"column":42}},"4":{"start":{"line":33,"column":4},"end":{"line":54,"column":5}}},"fnMap":{"0":{"name":"(anonymous_0)","decl":{"start":{"line":15,"column":2},"end":{"line":15,"column":3}},"loc":{"start":{"line":15,"column":23},"end":{"line":19,"column":3}},"line":15},"1":{"name":"(anonymous_1)","decl":{"start":{"line":25,"column":2},"end":{"line":25,"column":3}},"loc":{"start":{"line":25,"column":12},"end":{"line":56,"column":3}},"line":25},"2":{"name":"(anonymous_2)","decl":{"start":{"line":29,"column":31},"end":{"line":29,"column":32}},"loc":{"start":{"line":30,"column":6},"end":{"line":30,"column":42}},"line":30}},"branchMap":{},"s":{"0":1,"1":1,"2":1,"3":0,"4":1},"f":{"0":1,"1":1,"2":0},"b":{},"_coverageSchema":"332fd63041d2c1bcb487cc26dd0d5f7d97098a6c","hash":"315a68e3e60cf59734475f5de39b7e6151bce2f1"}
,"/Users/aquilesmariani/Projects/chipperApp/website/web/src/components/shared/ErrorMessage/ErrorMessage.js": {"path":"/Users/aquilesmariani/Projects/chipperApp/website/web/src/components/shared/ErrorMessage/ErrorMessage.js","statementMap":{"0":{"start":{"line":8,"column":25},"end":{"line":8,"column":30}},"1":{"start":{"line":13,"column":21},"end":{"line":27,"column":1}},"2":{"start":{"line":15,"column":20},"end":{"line":15,"column":25}},"3":{"start":{"line":17,"column":2},"end":{"line":17,"column":25}},"4":{"start":{"line":17,"column":14},"end":{"line":17,"column":25}},"5":{"start":{"line":19,"column":2},"end":{"line":25,"column":3}}},"fnMap":{"0":{"name":"(anonymous_0)","decl":{"start":{"line":13,"column":21},"end":{"line":13,"column":22}},"loc":{"start":{"line":13,"column":39},"end":{"line":27,"column":1}},"line":13}},"branchMap":{"0":{"loc":{"start":{"line":17,"column":2},"end":{"line":17,"column":25}},"type":"if","locations":[{"start":{"line":17,"column":2},"end":{"line":17,"column":25}},{"start":{"line":17,"column":2},"end":{"line":17,"column":25}}],"line":17}},"s":{"0":1,"1":1,"2":1,"3":1,"4":0,"5":1},"f":{"0":1},"b":{"0":[0,1]},"_coverageSchema":"332fd63041d2c1bcb487cc26dd0d5f7d97098a6c","hash":"5c9b0d3917e563ea5e340cf92f51ddf9d8ce2426"}
,"/Users/aquilesmariani/Projects/chipperApp/website/web/src/components/shared/LinkReplace/LinkReplace.js": {"path":"/Users/aquilesmariani/Projects/chipperApp/website/web/src/components/shared/LinkReplace/LinkReplace.js","statementMap":{"0":{"start":{"line":27,"column":8},"end":{"line":27,"column":18}},"1":{"start":{"line":29,"column":4},"end":{"line":64,"column":5}},"2":{"start":{"line":31,"column":6},"end":{"line":35,"column":8}},"3":{"start":{"line":39,"column":9},"end":{"line":64,"column":5}},"4":{"start":{"line":41,"column":6},"end":{"line":44,"column":8}},"5":{"start":{"line":48,"column":9},"end":{"line":64,"column":5}},"6":{"start":{"line":50,"column":6},"end":{"line":53,"column":8}},"7":{"start":{"line":59,"column":6},"end":{"line":62,"column":8}},"8":{"start":{"line":70,"column":4},"end":{"line":79,"column":5}}},"fnMap":{"0":{"name":"(anonymous_0)","decl":{"start":{"line":22,"column":16},"end":{"line":22,"column":17}},"loc":{"start":{"line":22,"column":22},"end":{"line":66,"column":3}},"line":22},"1":{"name":"(anonymous_1)","decl":{"start":{"line":68,"column":2},"end":{"line":68,"column":3}},"loc":{"start":{"line":68,"column":12},"end":{"line":82,"column":3}},"line":68}},"branchMap":{"0":{"loc":{"start":{"line":29,"column":4},"end":{"line":64,"column":5}},"type":"if","locations":[{"start":{"line":29,"column":4},"end":{"line":64,"column":5}},{"start":{"line":29,"column":4},"end":{"line":64,"column":5}}],"line":29},"1":{"loc":{"start":{"line":29,"column":8},"end":{"line":29,"column":28}},"type":"binary-expr","locations":[{"start":{"line":29,"column":8},"end":{"line":29,"column":16}},{"start":{"line":29,"column":20},"end":{"line":29,"column":28}}],"line":29},"2":{"loc":{"start":{"line":39,"column":9},"end":{"line":64,"column":5}},"type":"if","locations":[{"start":{"line":39,"column":9},"end":{"line":64,"column":5}},{"start":{"line":39,"column":9},"end":{"line":64,"column":5}}],"line":39},"3":{"loc":{"start":{"line":48,"column":9},"end":{"line":64,"column":5}},"type":"if","locations":[{"start":{"line":48,"column":9},"end":{"line":64,"column":5}},{"start":{"line":48,"column":9},"end":{"line":64,"column":5}}],"line":48}},"s":{"0":0,"1":0,"2":0,"3":0,"4":0,"5":0,"6":0,"7":0,"8":1},"f":{"0":0,"1":1},"b":{"0":[0,0],"1":[0,0],"2":[0,0],"3":[0,0]},"_coverageSchema":"332fd63041d2c1bcb487cc26dd0d5f7d97098a6c","hash":"a89c23564477511521b5b7377bf64b134713c1fd"}
,"/Users/aquilesmariani/Projects/chipperApp/website/web/src/components/shared/LoadingIndicator/LoadingIndicator.js": {"path":"/Users/aquilesmariani/Projects/chipperApp/website/web/src/components/shared/LoadingIndicator/LoadingIndicator.js","statementMap":{"0":{"start":{"line":19,"column":29},"end":{"line":19,"column":39}},"1":{"start":{"line":21,"column":4},"end":{"line":21,"column":34}},"2":{"start":{"line":21,"column":23},"end":{"line":21,"column":34}},"3":{"start":{"line":23,"column":4},"end":{"line":27,"column":5}}},"fnMap":{"0":{"name":"(anonymous_0)","decl":{"start":{"line":17,"column":2},"end":{"line":17,"column":3}},"loc":{"start":{"line":17,"column":12},"end":{"line":29,"column":3}},"line":17}},"branchMap":{"0":{"loc":{"start":{"line":21,"column":4},"end":{"line":21,"column":34}},"type":"if","locations":[{"start":{"line":21,"column":4},"end":{"line":21,"column":34}},{"start":{"line":21,"column":4},"end":{"line":21,"column":34}}],"line":21}},"s":{"0":2,"1":2,"2":1,"3":1},"f":{"0":2},"b":{"0":[1,1]},"_coverageSchema":"332fd63041d2c1bcb487cc26dd0d5f7d97098a6c","hash":"92a1b38a6f4343871f203d9ae989d40a1ca42a51"}
,"/Users/aquilesmariani/Projects/chipperApp/website/web/src/components/shared/Modal/Modal.js": {"path":"/Users/aquilesmariani/Projects/chipperApp/website/web/src/components/shared/Modal/Modal.js","statementMap":{"0":{"start":{"line":15,"column":4},"end":{"line":17,"column":17}},"1":{"start":{"line":22,"column":19},"end":{"line":22,"column":53}},"2":{"start":{"line":23,"column":18},"end":{"line":24,"column":50}},"3":{"start":{"line":28,"column":19},"end":{"line":33,"column":5}},"4":{"start":{"line":36,"column":4},"end":{"line":36,"column":24}},"5":{"start":{"line":46,"column":18},"end":{"line":46,"column":33}},"6":{"start":{"line":50,"column":18},"end":{"line":52,"column":17}},"7":{"start":{"line":54,"column":4},"end":{"line":65,"column":5}},"8":{"start":{"line":62,"column":6},"end":{"line":62,"column":32}},"9":{"start":{"line":63,"column":6},"end":{"line":63,"column":17}},"10":{"start":{"line":67,"column":4},"end":{"line":67,"column":55}},"11":{"start":{"line":67,"column":30},"end":{"line":67,"column":55}},"12":{"start":{"line":70,"column":4},"end":{"line":76,"column":12}}},"fnMap":{"0":{"name":"(anonymous_0)","decl":{"start":{"line":14,"column":20},"end":{"line":14,"column":21}},"loc":{"start":{"line":15,"column":4},"end":{"line":17,"column":17}},"line":15},"1":{"name":"(anonymous_1)","decl":{"start":{"line":20,"column":13},"end":{"line":20,"column":14}},"loc":{"start":{"line":20,"column":19},"end":{"line":38,"column":3}},"line":20},"2":{"name":"(anonymous_2)","decl":{"start":{"line":44,"column":2},"end":{"line":44,"column":3}},"loc":{"start":{"line":44,"column":12},"end":{"line":78,"column":3}},"line":44}},"branchMap":{"0":{"loc":{"start":{"line":15,"column":4},"end":{"line":17,"column":17}},"type":"cond-expr","locations":[{"start":{"line":16,"column":8},"end":{"line":16,"column":31}},{"start":{"line":17,"column":8},"end":{"line":17,"column":17}}],"line":15},"1":{"loc":{"start":{"line":50,"column":18},"end":{"line":52,"column":17}},"type":"cond-expr","locations":[{"start":{"line":51,"column":8},"end":{"line":51,"column":35}},{"start":{"line":52,"column":8},"end":{"line":52,"column":17}}],"line":50},"2":{"loc":{"start":{"line":54,"column":4},"end":{"line":65,"column":5}},"type":"if","locations":[{"start":{"line":54,"column":4},"end":{"line":65,"column":5}},{"start":{"line":54,"column":4},"end":{"line":65,"column":5}}],"line":54},"3":{"loc":{"start":{"line":55,"column":6},"end":{"line":59,"column":36}},"type":"binary-expr","locations":[{"start":{"line":55,"column":6},"end":{"line":55,"column":12}},{"start":{"line":56,"column":9},"end":{"line":56,"column":20}},{"start":{"line":57,"column":9},"end":{"line":57,"column":14}},{"start":{"line":58,"column":9},"end":{"line":58,"column":23}},{"start":{"line":59,"column":9},"end":{"line":59,"column":36}}],"line":55},"4":{"loc":{"start":{"line":67,"column":4},"end":{"line":67,"column":55}},"type":"if","locations":[{"start":{"line":67,"column":4},"end":{"line":67,"column":55}},{"start":{"line":67,"column":4},"end":{"line":67,"column":55}}],"line":67},"5":{"loc":{"start":{"line":67,"column":8},"end":{"line":67,"column":28}},"type":"binary-expr","locations":[{"start":{"line":67,"column":8},"end":{"line":67,"column":19}},{"start":{"line":67,"column":23},"end":{"line":67,"column":28}}],"line":67},"6":{"loc":{"start":{"line":70,"column":11},"end":{"line":76,"column":12}},"type":"cond-expr","locations":[{"start":{"line":72,"column":8},"end":{"line":74,"column":14}},{"start":{"line":76,"column":8},"end":{"line":76,"column":12}}],"line":70}},"s":{"0":5,"1":5,"2":5,"3":5,"4":5,"5":5,"6":5,"7":5,"8":1,"9":1,"10":4,"11":4,"12":4},"f":{"0":5,"1":5,"2":5},"b":{"0":[5,0],"1":[5,0],"2":[1,4],"3":[5,2,2,2,1],"4":[4,0],"5":[4,4],"6":[3,1]},"_coverageSchema":"332fd63041d2c1bcb487cc26dd0d5f7d97098a6c","hash":"c5cf6c576099ef795d680e65e4079aa59215a5af"}
,"/Users/aquilesmariani/Projects/chipperApp/website/web/src/components/shared/Modal/index.js": {"path":"/Users/aquilesmariani/Projects/chipperApp/website/web/src/components/shared/Modal/index.js","statementMap":{},"fnMap":{},"branchMap":{},"s":{},"f":{},"b":{},"_coverageSchema":"332fd63041d2c1bcb487cc26dd0d5f7d97098a6c","hash":"5e76e3788f57962cca8a8ed642a1624b48b64ba8"}
,"/Users/aquilesmariani/Projects/chipperApp/website/web/src/components/shared/Modal/Login/Login.index.js": {"path":"/Users/aquilesmariani/Projects/chipperApp/website/web/src/components/shared/Modal/Login/Login.index.js","statementMap":{"0":{"start":{"line":10,"column":17},"end":{"line":24,"column":1}},"1":{"start":{"line":12,"column":17},"end":{"line":12,"column":19}},"2":{"start":{"line":13,"column":25},"end":{"line":16,"column":3}},"3":{"start":{"line":17,"column":2},"end":{"line":21,"column":4}},"4":{"start":{"line":19,"column":4},"end":{"line":19,"column":50}},"5":{"start":{"line":19,"column":24},"end":{"line":19,"column":50}},"6":{"start":{"line":22,"column":2},"end":{"line":22,"column":15}},"7":{"start":{"line":26,"column":17},"end":{"line":39,"column":1}},"8":{"start":{"line":28,"column":43},"end":{"line":28,"column":49}},"9":{"start":{"line":29,"column":22},"end":{"line":29,"column":27}},"10":{"start":{"line":30,"column":17},"end":{"line":30,"column":55}},"11":{"start":{"line":32,"column":2},"end":{"line":37,"column":59}},"12":{"start":{"line":37,"column":15},"end":{"line":37,"column":58}},"13":{"start":{"line":41,"column":24},"end":{"line":50,"column":1}},"14":{"start":{"line":57,"column":24},"end":{"line":58,"column":13}},"15":{"start":{"line":58,"column":3},"end":{"line":58,"column":12}}},"fnMap":{"0":{"name":"(anonymous_0)","decl":{"start":{"line":10,"column":17},"end":{"line":10,"column":18}},"loc":{"start":{"line":10,"column":27},"end":{"line":24,"column":1}},"line":10},"1":{"name":"(anonymous_1)","decl":{"start":{"line":17,"column":25},"end":{"line":17,"column":26}},"loc":{"start":{"line":17,"column":34},"end":{"line":21,"column":3}},"line":17},"2":{"name":"(anonymous_2)","decl":{"start":{"line":26,"column":17},"end":{"line":26,"column":18}},"loc":{"start":{"line":26,"column":58},"end":{"line":39,"column":1}},"line":26},"3":{"name":"(anonymous_3)","decl":{"start":{"line":37,"column":9},"end":{"line":37,"column":10}},"loc":{"start":{"line":37,"column":15},"end":{"line":37,"column":58}},"line":37},"4":{"name":"(anonymous_4)","decl":{"start":{"line":57,"column":24},"end":{"line":57,"column":25}},"loc":{"start":{"line":58,"column":3},"end":{"line":58,"column":12}},"line":58}},"branchMap":{"0":{"loc":{"start":{"line":19,"column":4},"end":{"line":19,"column":50}},"type":"if","locations":[{"start":{"line":19,"column":4},"end":{"line":19,"column":50}},{"start":{"line":19,"column":4},"end":{"line":19,"column":50}}],"line":19}},"s":{"0":1,"1":3,"2":3,"3":3,"4":6,"5":0,"6":3,"7":1,"8":0,"9":0,"10":0,"11":0,"12":0,"13":1,"14":1,"15":6},"f":{"0":3,"1":6,"2":0,"3":0,"4":6},"b":{"0":[0,6]},"_coverageSchema":"332fd63041d2c1bcb487cc26dd0d5f7d97098a6c","hash":"cdc089c0296446fd54985ea977a8c3a35909dd5e"}
,"/Users/aquilesmariani/Projects/chipperApp/website/web/src/components/shared/Modal/Login/Login.js": {"path":"/Users/aquilesmariani/Projects/chipperApp/website/web/src/components/shared/Modal/Login/Login.js","statementMap":{"0":{"start":{"line":24,"column":22},"end":{"line":24,"column":49}},"1":{"start":{"line":33,"column":8},"end":{"line":33,"column":18}},"2":{"start":{"line":35,"column":4},"end":{"line":81,"column":5}}},"fnMap":{"0":{"name":"(anonymous_0)","decl":{"start":{"line":24,"column":16},"end":{"line":24,"column":17}},"loc":{"start":{"line":24,"column":22},"end":{"line":24,"column":49}},"line":24},"1":{"name":"(anonymous_1)","decl":{"start":{"line":26,"column":2},"end":{"line":26,"column":3}},"loc":{"start":{"line":26,"column":12},"end":{"line":83,"column":3}},"line":26}},"branchMap":{"0":{"loc":{"start":{"line":75,"column":22},"end":{"line":75,"column":51}},"type":"binary-expr","locations":[{"start":{"line":75,"column":22},"end":{"line":75,"column":32}},{"start":{"line":75,"column":36},"end":{"line":75,"column":51}}],"line":75},"1":{"loc":{"start":{"line":77,"column":13},"end":{"line":77,"column":72}},"type":"cond-expr","locations":[{"start":{"line":77,"column":47},"end":{"line":77,"column":62}},{"start":{"line":77,"column":65},"end":{"line":77,"column":72}}],"line":77},"2":{"loc":{"start":{"line":77,"column":14},"end":{"line":77,"column":43}},"type":"binary-expr","locations":[{"start":{"line":77,"column":14},"end":{"line":77,"column":24}},{"start":{"line":77,"column":28},"end":{"line":77,"column":43}}],"line":77}},"s":{"0":0,"1":8,"2":8},"f":{"0":0,"1":8},"b":{"0":[8,7],"1":[1,7],"2":[8,7]},"_coverageSchema":"332fd63041d2c1bcb487cc26dd0d5f7d97098a6c","hash":"bc056b43d83c6c801ff7e5946aa556aec989e604"}
,"/Users/aquilesmariani/Projects/chipperApp/website/web/src/components/shared/RequireAuth/RequireAuth.js": {"path":"/Users/aquilesmariani/Projects/chipperApp/website/web/src/components/shared/RequireAuth/RequireAuth.js","statementMap":{"0":{"start":{"line":24,"column":46},"end":{"line":24,"column":56}},"1":{"start":{"line":25,"column":39},"end":{"line":25,"column":47}},"2":{"start":{"line":26,"column":21},"end":{"line":26,"column":70}},"3":{"start":{"line":28,"column":14},"end":{"line":28,"column":56}},"4":{"start":{"line":30,"column":4},"end":{"line":30,"column":55}},"5":{"start":{"line":30,"column":29},"end":{"line":30,"column":55}},"6":{"start":{"line":31,"column":4},"end":{"line":31,"column":39}},"7":{"start":{"line":31,"column":28},"end":{"line":31,"column":39}},"8":{"start":{"line":33,"column":4},"end":{"line":33,"column":27}}},"fnMap":{"0":{"name":"(anonymous_0)","decl":{"start":{"line":22,"column":2},"end":{"line":22,"column":3}},"loc":{"start":{"line":22,"column":12},"end":{"line":35,"column":3}},"line":22}},"branchMap":{"0":{"loc":{"start":{"line":28,"column":14},"end":{"line":28,"column":56}},"type":"binary-expr","locations":[{"start":{"line":28,"column":14},"end":{"line":28,"column":16}},{"start":{"line":28,"column":20},"end":{"line":28,"column":56}}],"line":28},"1":{"loc":{"start":{"line":30,"column":4},"end":{"line":30,"column":55}},"type":"if","locations":[{"start":{"line":30,"column":4},"end":{"line":30,"column":55}},{"start":{"line":30,"column":4},"end":{"line":30,"column":55}}],"line":30},"2":{"loc":{"start":{"line":30,"column":8},"end":{"line":30,"column":27}},"type":"binary-expr","locations":[{"start":{"line":30,"column":8},"end":{"line":30,"column":14}},{"start":{"line":30,"column":18},"end":{"line":30,"column":27}}],"line":30},"3":{"loc":{"start":{"line":31,"column":4},"end":{"line":31,"column":39}},"type":"if","locations":[{"start":{"line":31,"column":4},"end":{"line":31,"column":39}},{"start":{"line":31,"column":4},"end":{"line":31,"column":39}}],"line":31},"4":{"loc":{"start":{"line":31,"column":8},"end":{"line":31,"column":26}},"type":"binary-expr","locations":[{"start":{"line":31,"column":8},"end":{"line":31,"column":14}},{"start":{"line":31,"column":18},"end":{"line":31,"column":26}}],"line":31},"5":{"loc":{"start":{"line":33,"column":11},"end":{"line":33,"column":27}},"type":"binary-expr","locations":[{"start":{"line":33,"column":11},"end":{"line":33,"column":19}},{"start":{"line":33,"column":23},"end":{"line":33,"column":27}}],"line":33}},"s":{"0":5,"1":5,"2":5,"3":5,"4":5,"5":2,"6":3,"7":1,"8":2},"f":{"0":5},"b":{"0":[5,4],"1":[2,3],"2":[5,3],"3":[1,2],"4":[3,1],"5":[2,1]},"_coverageSchema":"332fd63041d2c1bcb487cc26dd0d5f7d97098a6c","hash":"c216a6497e8767df1066077eeac92aebccd409fd"}
,"/Users/aquilesmariani/Projects/chipperApp/website/web/src/components/shared/RequireAuth/index.js": {"path":"/Users/aquilesmariani/Projects/chipperApp/website/web/src/components/shared/RequireAuth/index.js","statementMap":{"0":{"start":{"line":12,"column":24},"end":{"line":14,"column":28}},"1":{"start":{"line":14,"column":18},"end":{"line":14,"column":27}}},"fnMap":{"0":{"name":"(anonymous_0)","decl":{"start":{"line":12,"column":24},"end":{"line":12,"column":25}},"loc":{"start":{"line":14,"column":18},"end":{"line":14,"column":27}},"line":14}},"branchMap":{},"s":{"0":2,"1":0},"f":{"0":0},"b":{},"_coverageSchema":"332fd63041d2c1bcb487cc26dd0d5f7d97098a6c","hash":"8a5128e2a552632de224fe9b80ee4207aa989a15"}
,"/Users/aquilesmariani/Projects/chipperApp/website/web/src/components/shared/Status/Status.js": {"path":"/Users/aquilesmariani/Projects/chipperApp/website/web/src/components/shared/Status/Status.js","statementMap":{"0":{"start":{"line":11,"column":15},"end":{"line":22,"column":1}},"1":{"start":{"line":12,"column":2},"end":{"line":21,"column":4}},"2":{"start":{"line":15,"column":4},"end":{"line":15,"column":48}},"3":{"start":{"line":15,"column":23},"end":{"line":15,"column":48}},"4":{"start":{"line":18,"column":4},"end":{"line":18,"column":19}}},"fnMap":{"0":{"name":"(anonymous_0)","decl":{"start":{"line":11,"column":15},"end":{"line":11,"column":16}},"loc":{"start":{"line":12,"column":2},"end":{"line":21,"column":4}},"line":12},"1":{"name":"(anonymous_1)","decl":{"start":{"line":12,"column":17},"end":{"line":12,"column":18}},"loc":{"start":{"line":12,"column":40},"end":{"line":20,"column":3}},"line":12}},"branchMap":{"0":{"loc":{"start":{"line":15,"column":4},"end":{"line":15,"column":48}},"type":"if","locations":[{"start":{"line":15,"column":4},"end":{"line":15,"column":48}},{"start":{"line":15,"column":4},"end":{"line":15,"column":48}}],"line":15}},"s":{"0":1,"1":2,"2":1,"3":1,"4":1},"f":{"0":2,"1":1},"b":{"0":[1,0]},"_coverageSchema":"332fd63041d2c1bcb487cc26dd0d5f7d97098a6c","hash":"191aaf13de0d1b14c0fb03f5664a08dac12f87d6"}
,"/Users/aquilesmariani/Projects/chipperApp/website/web/src/components/shared/TextField/TextField.js": {"path":"/Users/aquilesmariani/Projects/chipperApp/website/web/src/components/shared/TextField/TextField.js","statementMap":{"0":{"start":{"line":19,"column":23},"end":{"line":19,"column":33}},"1":{"start":{"line":37,"column":8},"end":{"line":37,"column":18}},"2":{"start":{"line":40,"column":24},"end":{"line":43,"column":5}},"3":{"start":{"line":46,"column":4},"end":{"line":78,"column":5}},"4":{"start":{"line":50,"column":10},"end":{"line":50,"column":26}}},"fnMap":{"0":{"name":"(anonymous_0)","decl":{"start":{"line":19,"column":17},"end":{"line":19,"column":18}},"loc":{"start":{"line":19,"column":23},"end":{"line":19,"column":33}},"line":19},"1":{"name":"(anonymous_1)","decl":{"start":{"line":26,"column":2},"end":{"line":26,"column":3}},"loc":{"start":{"line":26,"column":12},"end":{"line":80,"column":3}},"line":26},"2":{"name":"(anonymous_2)","decl":{"start":{"line":48,"column":13},"end":{"line":48,"column":14}},"loc":{"start":{"line":48,"column":20},"end":{"line":52,"column":9}},"line":48}},"branchMap":{"0":{"loc":{"start":{"line":53,"column":19},"end":{"line":53,"column":35}},"type":"binary-expr","locations":[{"start":{"line":53,"column":19},"end":{"line":53,"column":26}},{"start":{"line":53,"column":30},"end":{"line":53,"column":35}}],"line":53}},"s":{"0":0,"1":7,"2":7,"3":7,"4":10},"f":{"0":0,"1":7,"2":10},"b":{"0":[7,0]},"_coverageSchema":"332fd63041d2c1bcb487cc26dd0d5f7d97098a6c","hash":"4db2d1b90fc9be47194d15a2a4c05a6aece52d0c"}
,"/Users/aquilesmariani/Projects/chipperApp/website/web/src/components/shared/TextField/index.js": {"path":"/Users/aquilesmariani/Projects/chipperApp/website/web/src/components/shared/TextField/index.js","statementMap":{},"fnMap":{},"branchMap":{},"s":{},"f":{},"b":{},"_coverageSchema":"332fd63041d2c1bcb487cc26dd0d5f7d97098a6c","hash":"a1532d2f86f1209cebde2a6491c1c27d7fb17158"}
,"/Users/aquilesmariani/Projects/chipperApp/website/web/src/helpers/api.js": {"path":"/Users/aquilesmariani/Projects/chipperApp/website/web/src/helpers/api.js","statementMap":{"0":{"start":{"line":8,"column":18},"end":{"line":8,"column":33}},"1":{"start":{"line":9,"column":12},"end":{"line":9,"column":39}},"2":{"start":{"line":32,"column":18},"end":{"line":56,"column":8}},"3":{"start":{"line":33,"column":2},"end":{"line":56,"column":8}},"4":{"start":{"line":37,"column":6},"end":{"line":56,"column":7}},"5":{"start":{"line":39,"column":21},"end":{"line":39,"column":35}},"6":{"start":{"line":41,"column":23},"end":{"line":43,"column":14}},"7":{"start":{"line":45,"column":8},"end":{"line":54,"column":56}},"8":{"start":{"line":53,"column":28},"end":{"line":53,"column":52}},"9":{"start":{"line":54,"column":21},"end":{"line":54,"column":55}},"10":{"start":{"line":70,"column":20},"end":{"line":106,"column":1}},"11":{"start":{"line":75,"column":2},"end":{"line":75,"column":37}},"12":{"start":{"line":77,"column":2},"end":{"line":98,"column":3}},"13":{"start":{"line":83,"column":4},"end":{"line":87,"column":5}},"14":{"start":{"line":90,"column":7},"end":{"line":98,"column":3}},"15":{"start":{"line":92,"column":4},"end":{"line":96,"column":5}},"16":{"start":{"line":100,"column":2},"end":{"line":104,"column":3}},"17":{"start":{"line":116,"column":23},"end":{"line":144,"column":1}},"18":{"start":{"line":118,"column":2},"end":{"line":118,"column":37}},"19":{"start":{"line":120,"column":2},"end":{"line":120,"column":45}},"20":{"start":{"line":120,"column":20},"end":{"line":120,"column":45}},"21":{"start":{"line":122,"column":2},"end":{"line":142,"column":6}},"22":{"start":{"line":125,"column":6},"end":{"line":140,"column":7}},"23":{"start":{"line":127,"column":8},"end":{"line":130,"column":9}},"24":{"start":{"line":135,"column":8},"end":{"line":138,"column":9}},"25":{"start":{"line":148,"column":19},"end":{"line":153,"column":23}},"26":{"start":{"line":151,"column":2},"end":{"line":153,"column":23}},"27":{"start":{"line":153,"column":6},"end":{"line":153,"column":22}},"28":{"start":{"line":157,"column":20},"end":{"line":162,"column":29}},"29":{"start":{"line":160,"column":2},"end":{"line":162,"column":29}},"30":{"start":{"line":162,"column":6},"end":{"line":162,"column":28}},"31":{"start":{"line":166,"column":21},"end":{"line":171,"column":29}},"32":{"start":{"line":169,"column":2},"end":{"line":171,"column":29}},"33":{"start":{"line":171,"column":6},"end":{"line":171,"column":28}},"34":{"start":{"line":175,"column":19},"end":{"line":180,"column":29}},"35":{"start":{"line":178,"column":2},"end":{"line":180,"column":29}},"36":{"start":{"line":180,"column":6},"end":{"line":180,"column":28}},"37":{"start":{"line":184,"column":19},"end":{"line":189,"column":23}},"38":{"start":{"line":187,"column":2},"end":{"line":189,"column":23}},"39":{"start":{"line":189,"column":6},"end":{"line":189,"column":22}},"40":{"start":{"line":192,"column":20},"end":{"line":205,"column":14}},"41":{"start":{"line":195,"column":27},"end":{"line":205,"column":14}},"42":{"start":{"line":196,"column":2},"end":{"line":205,"column":13}},"43":{"start":{"line":196,"column":19},"end":{"line":205,"column":5}},"44":{"start":{"line":200,"column":16},"end":{"line":200,"column":53}},"45":{"start":{"line":203,"column":16},"end":{"line":203,"column":37}}},"fnMap":{"0":{"name":"(anonymous_0)","decl":{"start":{"line":32,"column":18},"end":{"line":32,"column":19}},"loc":{"start":{"line":33,"column":2},"end":{"line":56,"column":8}},"line":33},"1":{"name":"(anonymous_1)","decl":{"start":{"line":34,"column":10},"end":{"line":34,"column":11}},"loc":{"start":{"line":37,"column":6},"end":{"line":56,"column":7}},"line":37},"2":{"name":"(anonymous_2)","decl":{"start":{"line":37,"column":6},"end":{"line":37,"column":7}},"loc":{"start":{"line":37,"column":50},"end":{"line":56,"column":7}},"line":37},"3":{"name":"(anonymous_3)","decl":{"start":{"line":53,"column":16},"end":{"line":53,"column":17}},"loc":{"start":{"line":53,"column":28},"end":{"line":53,"column":52}},"line":53},"4":{"name":"(anonymous_4)","decl":{"start":{"line":54,"column":12},"end":{"line":54,"column":13}},"loc":{"start":{"line":54,"column":21},"end":{"line":54,"column":55}},"line":54},"5":{"name":"(anonymous_5)","decl":{"start":{"line":70,"column":20},"end":{"line":70,"column":21}},"loc":{"start":{"line":72,"column":15},"end":{"line":106,"column":1}},"line":72},"6":{"name":"(anonymous_6)","decl":{"start":{"line":116,"column":23},"end":{"line":116,"column":24}},"loc":{"start":{"line":116,"column":74},"end":{"line":144,"column":1}},"line":116},"7":{"name":"(anonymous_7)","decl":{"start":{"line":123,"column":10},"end":{"line":123,"column":11}},"loc":{"start":{"line":123,"column":18},"end":{"line":142,"column":5}},"line":123},"8":{"name":"(anonymous_8)","decl":{"start":{"line":148,"column":19},"end":{"line":148,"column":20}},"loc":{"start":{"line":151,"column":2},"end":{"line":153,"column":23}},"line":151},"9":{"name":"(anonymous_9)","decl":{"start":{"line":152,"column":10},"end":{"line":152,"column":11}},"loc":{"start":{"line":153,"column":6},"end":{"line":153,"column":22}},"line":153},"10":{"name":"(anonymous_10)","decl":{"start":{"line":157,"column":20},"end":{"line":157,"column":21}},"loc":{"start":{"line":160,"column":2},"end":{"line":162,"column":29}},"line":160},"11":{"name":"(anonymous_11)","decl":{"start":{"line":161,"column":10},"end":{"line":161,"column":11}},"loc":{"start":{"line":162,"column":6},"end":{"line":162,"column":28}},"line":162},"12":{"name":"(anonymous_12)","decl":{"start":{"line":166,"column":21},"end":{"line":166,"column":22}},"loc":{"start":{"line":169,"column":2},"end":{"line":171,"column":29}},"line":169},"13":{"name":"(anonymous_13)","decl":{"start":{"line":170,"column":10},"end":{"line":170,"column":11}},"loc":{"start":{"line":171,"column":6},"end":{"line":171,"column":28}},"line":171},"14":{"name":"(anonymous_14)","decl":{"start":{"line":175,"column":19},"end":{"line":175,"column":20}},"loc":{"start":{"line":178,"column":2},"end":{"line":180,"column":29}},"line":178},"15":{"name":"(anonymous_15)","decl":{"start":{"line":179,"column":10},"end":{"line":179,"column":11}},"loc":{"start":{"line":180,"column":6},"end":{"line":180,"column":28}},"line":180},"16":{"name":"(anonymous_16)","decl":{"start":{"line":184,"column":19},"end":{"line":184,"column":20}},"loc":{"start":{"line":187,"column":2},"end":{"line":189,"column":23}},"line":187},"17":{"name":"(anonymous_17)","decl":{"start":{"line":188,"column":10},"end":{"line":188,"column":11}},"loc":{"start":{"line":189,"column":6},"end":{"line":189,"column":22}},"line":189},"18":{"name":"(anonymous_18)","decl":{"start":{"line":192,"column":20},"end":{"line":192,"column":21}},"loc":{"start":{"line":195,"column":27},"end":{"line":205,"column":14}},"line":195},"19":{"name":"(anonymous_19)","decl":{"start":{"line":195,"column":39},"end":{"line":195,"column":40}},"loc":{"start":{"line":196,"column":2},"end":{"line":205,"column":13}},"line":196},"20":{"name":"(anonymous_20)","decl":{"start":{"line":196,"column":13},"end":{"line":196,"column":14}},"loc":{"start":{"line":196,"column":19},"end":{"line":205,"column":5}},"line":196},"21":{"name":"(anonymous_21)","decl":{"start":{"line":200,"column":10},"end":{"line":200,"column":11}},"loc":{"start":{"line":200,"column":16},"end":{"line":200,"column":53}},"line":200},"22":{"name":"(anonymous_22)","decl":{"start":{"line":203,"column":10},"end":{"line":203,"column":11}},"loc":{"start":{"line":203,"column":16},"end":{"line":203,"column":37}},"line":203}},"branchMap":{"0":{"loc":{"start":{"line":37,"column":7},"end":{"line":37,"column":29}},"type":"default-arg","locations":[{"start":{"line":37,"column":27},"end":{"line":37,"column":29}}],"line":37},"1":{"loc":{"start":{"line":39,"column":21},"end":{"line":39,"column":35}},"type":"binary-expr","locations":[{"start":{"line":39,"column":21},"end":{"line":39,"column":29}},{"start":{"line":39,"column":33},"end":{"line":39,"column":35}}],"line":39},"2":{"loc":{"start":{"line":41,"column":23},"end":{"line":43,"column":14}},"type":"cond-expr","locations":[{"start":{"line":42,"column":12},"end":{"line":42,"column":23}},{"start":{"line":43,"column":12},"end":{"line":43,"column":14}}],"line":41},"3":{"loc":{"start":{"line":41,"column":23},"end":{"line":41,"column":69}},"type":"binary-expr","locations":[{"start":{"line":41,"column":23},"end":{"line":41,"column":27}},{"start":{"line":41,"column":31},"end":{"line":41,"column":69}}],"line":41},"4":{"loc":{"start":{"line":46,"column":16},"end":{"line":46,"column":55}},"type":"cond-expr","locations":[{"start":{"line":46,"column":23},"end":{"line":46,"column":43}},{"start":{"line":46,"column":46},"end":{"line":46,"column":55}}],"line":46},"5":{"loc":{"start":{"line":48,"column":27},"end":{"line":48,"column":63}},"type":"cond-expr","locations":[{"start":{"line":48,"column":35},"end":{"line":48,"column":51}},{"start":{"line":48,"column":54},"end":{"line":48,"column":63}}],"line":48},"6":{"loc":{"start":{"line":77,"column":2},"end":{"line":98,"column":3}},"type":"if","locations":[{"start":{"line":77,"column":2},"end":{"line":98,"column":3}},{"start":{"line":77,"column":2},"end":{"line":98,"column":3}}],"line":77},"7":{"loc":{"start":{"line":77,"column":6},"end":{"line":80,"column":32}},"type":"binary-expr","locations":[{"start":{"line":77,"column":6},"end":{"line":77,"column":11}},{"start":{"line":78,"column":7},"end":{"line":78,"column":19}},{"start":{"line":79,"column":7},"end":{"line":79,"column":39}},{"start":{"line":80,"column":7},"end":{"line":80,"column":32}}],"line":77},"8":{"loc":{"start":{"line":90,"column":7},"end":{"line":98,"column":3}},"type":"if","locations":[{"start":{"line":90,"column":7},"end":{"line":98,"column":3}},{"start":{"line":90,"column":7},"end":{"line":98,"column":3}}],"line":90},"9":{"loc":{"start":{"line":120,"column":2},"end":{"line":120,"column":45}},"type":"if","locations":[{"start":{"line":120,"column":2},"end":{"line":120,"column":45}},{"start":{"line":120,"column":2},"end":{"line":120,"column":45}}],"line":120},"10":{"loc":{"start":{"line":158,"column":20},"end":{"line":158,"column":38}},"type":"default-arg","locations":[{"start":{"line":158,"column":36},"end":{"line":158,"column":38}}],"line":158},"11":{"loc":{"start":{"line":167,"column":20},"end":{"line":167,"column":38}},"type":"default-arg","locations":[{"start":{"line":167,"column":36},"end":{"line":167,"column":38}}],"line":167},"12":{"loc":{"start":{"line":176,"column":20},"end":{"line":176,"column":38}},"type":"default-arg","locations":[{"start":{"line":176,"column":36},"end":{"line":176,"column":38}}],"line":176},"13":{"loc":{"start":{"line":194,"column":2},"end":{"line":194,"column":21}},"type":"default-arg","locations":[{"start":{"line":194,"column":18},"end":{"line":194,"column":21}}],"line":194}},"s":{"0":2,"1":2,"2":2,"3":6,"4":6,"5":6,"6":6,"7":6,"8":6,"9":0,"10":2,"11":0,"12":0,"13":0,"14":0,"15":0,"16":0,"17":2,"18":7,"19":7,"20":0,"21":7,"22":7,"23":7,"24":1,"25":2,"26":2,"27":2,"28":2,"29":1,"30":1,"31":2,"32":1,"33":1,"34":2,"35":1,"36":1,"37":2,"38":1,"39":1,"40":2,"41":1,"42":1,"43":1,"44":1,"45":0},"f":{"0":6,"1":6,"2":6,"3":6,"4":0,"5":0,"6":7,"7":7,"8":2,"9":2,"10":1,"11":1,"12":1,"13":1,"14":1,"15":1,"16":1,"17":1,"18":1,"19":1,"20":1,"21":1,"22":0},"b":{"0":[0],"1":[6,0],"2":[0,6],"3":[6,6],"4":[3,3],"5":[0,6],"6":[0,0],"7":[0,0,0,0],"8":[0,0],"9":[0,7],"10":[0],"11":[0],"12":[0],"13":[0]},"_coverageSchema":"332fd63041d2c1bcb487cc26dd0d5f7d97098a6c","hash":"40c0913ac9c5c19bf0f1a958618d4c9587ac1887"}
,"/Users/aquilesmariani/Projects/chipperApp/website/web/src/helpers/auth.js": {"path":"/Users/aquilesmariani/Projects/chipperApp/website/web/src/helpers/auth.js","statementMap":{"0":{"start":{"line":5,"column":51},"end":{"line":5,"column":55}},"1":{"start":{"line":10,"column":28},"end":{"line":11,"column":27}},"2":{"start":{"line":11,"column":2},"end":{"line":11,"column":27}},"3":{"start":{"line":13,"column":28},"end":{"line":14,"column":56}},"4":{"start":{"line":14,"column":2},"end":{"line":14,"column":56}},"5":{"start":{"line":16,"column":31},"end":{"line":17,"column":30}},"6":{"start":{"line":17,"column":2},"end":{"line":17,"column":30}}},"fnMap":{"0":{"name":"(anonymous_0)","decl":{"start":{"line":10,"column":28},"end":{"line":10,"column":29}},"loc":{"start":{"line":11,"column":2},"end":{"line":11,"column":27}},"line":11},"1":{"name":"(anonymous_1)","decl":{"start":{"line":13,"column":28},"end":{"line":13,"column":29}},"loc":{"start":{"line":14,"column":2},"end":{"line":14,"column":56}},"line":14},"2":{"name":"(anonymous_2)","decl":{"start":{"line":16,"column":31},"end":{"line":16,"column":32}},"loc":{"start":{"line":17,"column":2},"end":{"line":17,"column":30}},"line":17}},"branchMap":{},"s":{"0":2,"1":2,"2":6,"3":2,"4":0,"5":2,"6":0},"f":{"0":6,"1":0,"2":0},"b":{},"_coverageSchema":"332fd63041d2c1bcb487cc26dd0d5f7d97098a6c","hash":"261531d58ffa9eac02575b6f34ef165995bad2ef"}
,"/Users/aquilesmariani/Projects/chipperApp/website/web/src/helpers/observableApi.js": {"path":"/Users/aquilesmariani/Projects/chipperApp/website/web/src/helpers/observableApi.js","statementMap":{"0":{"start":{"line":13,"column":24},"end":{"line":17,"column":1}},"1":{"start":{"line":26,"column":32},"end":{"line":30,"column":17}},"2":{"start":{"line":36,"column":16},"end":{"line":36,"column":19}},"3":{"start":{"line":37,"column":4},"end":{"line":39,"column":40}},"4":{"start":{"line":48,"column":8},"end":{"line":48,"column":75}},"5":{"start":{"line":49,"column":4},"end":{"line":49,"column":26}}},"fnMap":{"0":{"name":"(anonymous_0)","decl":{"start":{"line":23,"column":9},"end":{"line":23,"column":10}},"loc":{"start":{"line":26,"column":32},"end":{"line":30,"column":17}},"line":26},"1":{"name":"(anonymous_1)","decl":{"start":{"line":34,"column":15},"end":{"line":34,"column":16}},"loc":{"start":{"line":34,"column":36},"end":{"line":41,"column":3}},"line":34},"2":{"name":"(anonymous_2)","decl":{"start":{"line":44,"column":19},"end":{"line":44,"column":20}},"loc":{"start":{"line":44,"column":40},"end":{"line":51,"column":3}},"line":44}},"branchMap":{"0":{"loc":{"start":{"line":25,"column":4},"end":{"line":25,"column":23}},"type":"default-arg","locations":[{"start":{"line":25,"column":20},"end":{"line":25,"column":23}}],"line":25},"1":{"loc":{"start":{"line":37,"column":11},"end":{"line":39,"column":40}},"type":"cond-expr","locations":[{"start":{"line":38,"column":8},"end":{"line":38,"column":29}},{"start":{"line":39,"column":8},"end":{"line":39,"column":40}}],"line":37}},"s":{"0":1,"1":0,"2":0,"3":0,"4":0,"5":0},"f":{"0":0,"1":0,"2":0},"b":{"0":[0],"1":[0,0]},"_coverageSchema":"332fd63041d2c1bcb487cc26dd0d5f7d97098a6c","hash":"2b77e36f7e5c3a858d72672607e69e47498b1db6"}
,"/Users/aquilesmariani/Projects/chipperApp/website/web/src/helpers/storage.js": {"path":"/Users/aquilesmariani/Projects/chipperApp/website/web/src/helpers/storage.js","statementMap":{"0":{"start":{"line":6,"column":26},"end":{"line":6,"column":29}},"1":{"start":{"line":8,"column":15},"end":{"line":10,"column":8}},"2":{"start":{"line":13,"column":25},"end":{"line":14,"column":23}},"3":{"start":{"line":14,"column":2},"end":{"line":14,"column":23}},"4":{"start":{"line":17,"column":27},"end":{"line":18,"column":23}},"5":{"start":{"line":18,"column":2},"end":{"line":18,"column":23}},"6":{"start":{"line":21,"column":23},"end":{"line":31,"column":1}},"7":{"start":{"line":25,"column":2},"end":{"line":29,"column":4}},"8":{"start":{"line":34,"column":23},"end":{"line":40,"column":1}},"9":{"start":{"line":36,"column":25},"end":{"line":36,"column":47}},"10":{"start":{"line":37,"column":2},"end":{"line":37,"column":38}},"11":{"start":{"line":37,"column":13},"end":{"line":37,"column":38}},"12":{"start":{"line":38,"column":2},"end":{"line":38,"column":14}},"13":{"start":{"line":43,"column":26},"end":{"line":49,"column":1}},"14":{"start":{"line":45,"column":2},"end":{"line":47,"column":4}}},"fnMap":{"0":{"name":"(anonymous_0)","decl":{"start":{"line":13,"column":25},"end":{"line":13,"column":26}},"loc":{"start":{"line":14,"column":2},"end":{"line":14,"column":23}},"line":14},"1":{"name":"(anonymous_1)","decl":{"start":{"line":17,"column":27},"end":{"line":17,"column":28}},"loc":{"start":{"line":18,"column":2},"end":{"line":18,"column":23}},"line":18},"2":{"name":"setItem","decl":{"start":{"line":21,"column":38},"end":{"line":21,"column":45}},"loc":{"start":{"line":23,"column":2},"end":{"line":31,"column":1}},"line":23},"3":{"name":"getItem","decl":{"start":{"line":34,"column":38},"end":{"line":34,"column":45}},"loc":{"start":{"line":34,"column":60},"end":{"line":40,"column":1}},"line":34},"4":{"name":"removeItem","decl":{"start":{"line":43,"column":41},"end":{"line":43,"column":51}},"loc":{"start":{"line":43,"column":66},"end":{"line":49,"column":1}},"line":43}},"branchMap":{"0":{"loc":{"start":{"line":8,"column":15},"end":{"line":10,"column":8}},"type":"cond-expr","locations":[{"start":{"line":9,"column":4},"end":{"line":9,"column":28}},{"start":{"line":10,"column":4},"end":{"line":10,"column":8}}],"line":8},"1":{"loc":{"start":{"line":37,"column":2},"end":{"line":37,"column":38}},"type":"if","locations":[{"start":{"line":37,"column":2},"end":{"line":37,"column":38}},{"start":{"line":37,"column":2},"end":{"line":37,"column":38}}],"line":37}},"s":{"0":3,"1":3,"2":3,"3":1,"4":3,"5":1,"6":3,"7":0,"8":3,"9":6,"10":6,"11":0,"12":6,"13":3,"14":0},"f":{"0":1,"1":1,"2":0,"3":6,"4":0},"b":{"0":[3,0],"1":[0,6]},"_coverageSchema":"332fd63041d2c1bcb487cc26dd0d5f7d97098a6c","hash":"49560c77646d8d79b4ebe2a08caeae25df2cb7cc"}
,"/Users/aquilesmariani/Projects/chipperApp/website/web/src/redux/devtools.js": {"path":"/Users/aquilesmariani/Projects/chipperApp/website/web/src/redux/devtools.js","statementMap":{"0":{"start":{"line":4,"column":17},"end":{"line":6,"column":2}},"1":{"start":{"line":4,"column":23},"end":{"line":6,"column":2}}},"fnMap":{"0":{"name":"(anonymous_0)","decl":{"start":{"line":4,"column":17},"end":{"line":4,"column":18}},"loc":{"start":{"line":4,"column":23},"end":{"line":6,"column":2}},"line":4}},"branchMap":{},"s":{"0":1,"1":5},"f":{"0":5},"b":{},"_coverageSchema":"332fd63041d2c1bcb487cc26dd0d5f7d97098a6c","hash":"5ca6e7a2d2ad06d487dbd26b0f89f180ce602f21"}
,"/Users/aquilesmariani/Projects/chipperApp/website/web/src/redux/store.js": {"path":"/Users/aquilesmariani/Projects/chipperApp/website/web/src/redux/store.js","statementMap":{"0":{"start":{"line":14,"column":25},"end":{"line":14,"column":55}},"1":{"start":{"line":16,"column":21},"end":{"line":21,"column":3}},"2":{"start":{"line":24,"column":2},"end":{"line":30,"column":3}},"3":{"start":{"line":35,"column":19},"end":{"line":38,"column":3}},"4":{"start":{"line":40,"column":16},"end":{"line":40,"column":66}},"5":{"start":{"line":43,"column":2},"end":{"line":48,"column":3}},"6":{"start":{"line":45,"column":4},"end":{"line":46,"column":57}},"7":{"start":{"line":46,"column":6},"end":{"line":46,"column":56}},"8":{"start":{"line":50,"column":2},"end":{"line":50,"column":14}}},"fnMap":{"0":{"name":"configureStore","decl":{"start":{"line":12,"column":9},"end":{"line":12,"column":23}},"loc":{"start":{"line":12,"column":63},"end":{"line":52,"column":1}},"line":12},"1":{"name":"(anonymous_1)","decl":{"start":{"line":45,"column":22},"end":{"line":45,"column":23}},"loc":{"start":{"line":46,"column":6},"end":{"line":46,"column":56}},"line":46}},"branchMap":{"0":{"loc":{"start":{"line":12,"column":25},"end":{"line":12,"column":53}},"type":"default-arg","locations":[{"start":{"line":12,"column":51},"end":{"line":12,"column":53}}],"line":12},"1":{"loc":{"start":{"line":24,"column":2},"end":{"line":30,"column":3}},"type":"if","locations":[{"start":{"line":24,"column":2},"end":{"line":30,"column":3}},{"start":{"line":24,"column":2},"end":{"line":30,"column":3}}],"line":24},"2":{"loc":{"start":{"line":43,"column":2},"end":{"line":48,"column":3}},"type":"if","locations":[{"start":{"line":43,"column":2},"end":{"line":48,"column":3}},{"start":{"line":43,"column":2},"end":{"line":48,"column":3}}],"line":43}},"s":{"0":5,"1":5,"2":5,"3":5,"4":5,"5":5,"6":0,"7":0,"8":5},"f":{"0":5,"1":0},"b":{"0":[5],"1":[0,5],"2":[0,5]},"_coverageSchema":"332fd63041d2c1bcb487cc26dd0d5f7d97098a6c","hash":"5907da3ceb207290280ac4dffb790760589a4250"}
,"/Users/aquilesmariani/Projects/chipperApp/website/web/src/redux/epics/fetchProfile.js": {"path":"/Users/aquilesmariani/Projects/chipperApp/website/web/src/redux/epics/fetchProfile.js","statementMap":{"0":{"start":{"line":16,"column":12},"end":{"line":16,"column":21}},"1":{"start":{"line":23,"column":25},"end":{"line":52,"column":8}},"2":{"start":{"line":23,"column":46},"end":{"line":52,"column":8}},"3":{"start":{"line":29,"column":4},"end":{"line":52,"column":7}},"4":{"start":{"line":33,"column":23},"end":{"line":33,"column":54}},"5":{"start":{"line":34,"column":8},"end":{"line":34,"column":55}},"6":{"start":{"line":34,"column":21},"end":{"line":34,"column":55}},"7":{"start":{"line":36,"column":8},"end":{"line":43,"column":9}},"8":{"start":{"line":50,"column":8},"end":{"line":50,"column":47}}},"fnMap":{"0":{"name":"(anonymous_0)","decl":{"start":{"line":23,"column":25},"end":{"line":23,"column":26}},"loc":{"start":{"line":23,"column":46},"end":{"line":52,"column":8}},"line":23},"1":{"name":"(anonymous_1)","decl":{"start":{"line":24,"column":12},"end":{"line":24,"column":13}},"loc":{"start":{"line":29,"column":4},"end":{"line":52,"column":7}},"line":29},"2":{"name":"(anonymous_2)","decl":{"start":{"line":30,"column":11},"end":{"line":30,"column":12}},"loc":{"start":{"line":30,"column":23},"end":{"line":45,"column":7}},"line":30},"3":{"name":"(anonymous_3)","decl":{"start":{"line":47,"column":13},"end":{"line":47,"column":14}},"loc":{"start":{"line":50,"column":8},"end":{"line":50,"column":47}},"line":50}},"branchMap":{"0":{"loc":{"start":{"line":34,"column":8},"end":{"line":34,"column":55}},"type":"if","locations":[{"start":{"line":34,"column":8},"end":{"line":34,"column":55}},{"start":{"line":34,"column":8},"end":{"line":34,"column":55}}],"line":34}},"s":{"0":1,"1":1,"2":5,"3":0,"4":0,"5":0,"6":0,"7":0,"8":0},"f":{"0":5,"1":0,"2":0,"3":0},"b":{"0":[0,0]},"_coverageSchema":"332fd63041d2c1bcb487cc26dd0d5f7d97098a6c","hash":"4eea7cc7ff965f825449f19e4f1fbd1fcea7244d"}
,"/Users/aquilesmariani/Projects/chipperApp/website/web/src/redux/epics/index.js": {"path":"/Users/aquilesmariani/Projects/chipperApp/website/web/src/redux/epics/index.js","statementMap":{"0":{"start":{"line":12,"column":17},"end":{"line":14,"column":1}}},"fnMap":{},"branchMap":{},"s":{"0":1},"f":{},"b":{},"_coverageSchema":"332fd63041d2c1bcb487cc26dd0d5f7d97098a6c","hash":"152e1b92f9d32d3b61ac239eed5ba7e0bbd0e2a8"}
,"/Users/aquilesmariani/Projects/chipperApp/website/web/src/redux/middleware/errorDisplay.js": {"path":"/Users/aquilesmariani/Projects/chipperApp/website/web/src/redux/middleware/errorDisplay.js","statementMap":{"0":{"start":{"line":5,"column":24},"end":{"line":5,"column":27}},"1":{"start":{"line":8,"column":29},"end":{"line":8,"column":64}},"2":{"start":{"line":12,"column":21},"end":{"line":49,"column":3}},"3":{"start":{"line":13,"column":2},"end":{"line":49,"column":3}},"4":{"start":{"line":13,"column":22},"end":{"line":49,"column":3}},"5":{"start":{"line":15,"column":4},"end":{"line":15,"column":41}},"6":{"start":{"line":15,"column":22},"end":{"line":15,"column":41}},"7":{"start":{"line":16,"column":4},"end":{"line":45,"column":5}},"8":{"start":{"line":18,"column":20},"end":{"line":18,"column":44}},"9":{"start":{"line":21,"column":6},"end":{"line":36,"column":7}},"10":{"start":{"line":23,"column":8},"end":{"line":23,"column":40}},"11":{"start":{"line":26,"column":11},"end":{"line":36,"column":7}},"12":{"start":{"line":28,"column":8},"end":{"line":28,"column":32}},"13":{"start":{"line":32,"column":11},"end":{"line":36,"column":7}},"14":{"start":{"line":34,"column":8},"end":{"line":34,"column":37}},"15":{"start":{"line":38,"column":6},"end":{"line":43,"column":8}},"16":{"start":{"line":47,"column":4},"end":{"line":47,"column":23}}},"fnMap":{"0":{"name":"(anonymous_0)","decl":{"start":{"line":12,"column":21},"end":{"line":12,"column":22}},"loc":{"start":{"line":13,"column":2},"end":{"line":49,"column":3}},"line":13},"1":{"name":"(anonymous_1)","decl":{"start":{"line":13,"column":2},"end":{"line":13,"column":3}},"loc":{"start":{"line":13,"column":22},"end":{"line":49,"column":3}},"line":13},"2":{"name":"(anonymous_2)","decl":{"start":{"line":13,"column":22},"end":{"line":13,"column":23}},"loc":{"start":{"line":13,"column":54},"end":{"line":49,"column":3}},"line":13}},"branchMap":{"0":{"loc":{"start":{"line":15,"column":4},"end":{"line":15,"column":41}},"type":"if","locations":[{"start":{"line":15,"column":4},"end":{"line":15,"column":41}},{"start":{"line":15,"column":4},"end":{"line":15,"column":41}}],"line":15},"1":{"loc":{"start":{"line":16,"column":4},"end":{"line":45,"column":5}},"type":"if","locations":[{"start":{"line":16,"column":4},"end":{"line":45,"column":5}},{"start":{"line":16,"column":4},"end":{"line":45,"column":5}}],"line":16},"2":{"loc":{"start":{"line":16,"column":8},"end":{"line":16,"column":30}},"type":"binary-expr","locations":[{"start":{"line":16,"column":8},"end":{"line":16,"column":14}},{"start":{"line":16,"column":18},"end":{"line":16,"column":30}}],"line":16},"3":{"loc":{"start":{"line":21,"column":6},"end":{"line":36,"column":7}},"type":"if","locations":[{"start":{"line":21,"column":6},"end":{"line":36,"column":7}},{"start":{"line":21,"column":6},"end":{"line":36,"column":7}}],"line":21},"4":{"loc":{"start":{"line":26,"column":11},"end":{"line":36,"column":7}},"type":"if","locations":[{"start":{"line":26,"column":11},"end":{"line":36,"column":7}},{"start":{"line":26,"column":11},"end":{"line":36,"column":7}}],"line":26},"5":{"loc":{"start":{"line":32,"column":11},"end":{"line":36,"column":7}},"type":"if","locations":[{"start":{"line":32,"column":11},"end":{"line":36,"column":7}},{"start":{"line":32,"column":11},"end":{"line":36,"column":7}}],"line":32},"6":{"loc":{"start":{"line":32,"column":15},"end":{"line":32,"column":53}},"type":"binary-expr","locations":[{"start":{"line":32,"column":15},"end":{"line":32,"column":29}},{"start":{"line":32,"column":33},"end":{"line":32,"column":53}}],"line":32}},"s":{"0":1,"1":1,"2":1,"3":5,"4":5,"5":11,"6":11,"7":0,"8":0,"9":0,"10":0,"11":0,"12":0,"13":0,"14":0,"15":0,"16":0},"f":{"0":5,"1":5,"2":11},"b":{"0":[11,0],"1":[0,0],"2":[0,0],"3":[0,0],"4":[0,0],"5":[0,0],"6":[0,0]},"_coverageSchema":"332fd63041d2c1bcb487cc26dd0d5f7d97098a6c","hash":"98341f06a049d18052b65e0cd55b110de248cc0d"}
,"/Users/aquilesmariani/Projects/chipperApp/website/web/src/redux/modules/index.js": {"path":"/Users/aquilesmariani/Projects/chipperApp/website/web/src/redux/modules/index.js","statementMap":{"0":{"start":{"line":40,"column":20},"end":{"line":52,"column":2}}},"fnMap":{},"branchMap":{},"s":{"0":1},"f":{},"b":{},"_coverageSchema":"332fd63041d2c1bcb487cc26dd0d5f7d97098a6c","hash":"d08fb667f1d869fa2e79cf7c29aaddb0acb51dff"}
[...]
,"/Users/aquilesmariani/Projects/chipperApp/website/web/src/redux/modules/auth/consts.js": {"path":"/Users/aquilesmariani/Projects/chipperApp/website/web/src/redux/modules/auth/consts.js","statementMap":{"0":{"start":{"line":2,"column":21},"end":{"line":2,"column":40}},"1":{"start":{"line":3,"column":22},"end":{"line":3,"column":42}}},"fnMap":{},"branchMap":{},"s":{"0":3,"1":3},"f":{},"b":{},"_coverageSchema":"332fd63041d2c1bcb487cc26dd0d5f7d97098a6c","hash":"898f6f76ec71757e16eff47b0062ad57cbecea5c"}
,"/Users/aquilesmariani/Projects/chipperApp/website/web/src/redux/modules/auth/initialState.js": {"path":"/Users/aquilesmariani/Projects/chipperApp/website/web/src/redux/modules/auth/initialState.js","statementMap":{"0":{"start":{"line":5,"column":32},"end":{"line":9,"column":1}}},"fnMap":{},"branchMap":{},"s":{"0":2},"f":{},"b":{},"_coverageSchema":"332fd63041d2c1bcb487cc26dd0d5f7d97098a6c","hash":"7a7ae3544ed6a58da3fec2262cb336fa6bbbcfff"}
,"/Users/aquilesmariani/Projects/chipperApp/website/web/src/redux/modules/auth/mocks.js": {"path":"/Users/aquilesmariani/Projects/chipperApp/website/web/src/redux/modules/auth/mocks.js","statementMap":{"0":{"start":{"line":3,"column":13},"end":{"line":9,"column":1}}},"fnMap":{},"branchMap":{},"s":{"0":2},"f":{},"b":{},"_coverageSchema":"332fd63041d2c1bcb487cc26dd0d5f7d97098a6c","hash":"05cd879b35ede80804587c23f812ade99ada1125"}
,"/Users/aquilesmariani/Projects/chipperApp/website/web/src/redux/modules/auth/reducer.js": {"path":"/Users/aquilesmariani/Projects/chipperApp/website/web/src/redux/modules/auth/reducer.js","statementMap":{"0":{"start":{"line":12,"column":2},"end":{"line":64,"column":3}},"1":{"start":{"line":15,"column":6},"end":{"line":18,"column":7}},"2":{"start":{"line":21,"column":6},"end":{"line":26,"column":7}},"3":{"start":{"line":29,"column":6},"end":{"line":34,"column":7}},"4":{"start":{"line":37,"column":6},"end":{"line":42,"column":7}},"5":{"start":{"line":45,"column":6},"end":{"line":50,"column":7}},"6":{"start":{"line":53,"column":6},"end":{"line":59,"column":7}},"7":{"start":{"line":62,"column":6},"end":{"line":62,"column":18}}},"fnMap":{"0":{"name":"reducer","decl":{"start":{"line":10,"column":9},"end":{"line":10,"column":16}},"loc":{"start":{"line":10,"column":75},"end":{"line":66,"column":1}},"line":10}},"branchMap":{"0":{"loc":{"start":{"line":10,"column":18},"end":{"line":10,"column":49}},"type":"default-arg","locations":[{"start":{"line":10,"column":37},"end":{"line":10,"column":49}}],"line":10},"1":{"loc":{"start":{"line":12,"column":2},"end":{"line":64,"column":3}},"type":"switch","locations":[{"start":{"line":14,"column":4},"end":{"line":18,"column":7}},{"start":{"line":20,"column":4},"end":{"line":26,"column":7}},{"start":{"line":28,"column":4},"end":{"line":34,"column":7}},{"start":{"line":36,"column":4},"end":{"line":42,"column":7}},{"start":{"line":44,"column":4},"end":{"line":50,"column":7}},{"start":{"line":52,"column":4},"end":{"line":59,"column":7}},{"start":{"line":61,"column":4},"end":{"line":62,"column":18}}],"line":12}},"s":{"0":26,"1":1,"2":1,"3":1,"4":1,"5":1,"6":1,"7":20},"f":{"0":26},"b":{"0":[8],"1":[1,1,1,1,1,1,20]},"_coverageSchema":"332fd63041d2c1bcb487cc26dd0d5f7d97098a6c","hash":"2b331f2c1649f886ae1c95c68d7e236ca56eee62"}
,"/Users/aquilesmariani/Projects/chipperApp/website/web/src/redux/modules/env/initialState.js": {"path":"/Users/aquilesmariani/Projects/chipperApp/website/web/src/redux/modules/env/initialState.js","statementMap":{"0":{"start":{"line":2,"column":29},"end":{"line":2,"column":31}}},"fnMap":{},"branchMap":{},"s":{"0":1},"f":{},"b":{},"_coverageSchema":"332fd63041d2c1bcb487cc26dd0d5f7d97098a6c","hash":"30c99f9e2bd616c4f3b33f7ef2c0621191d39532"}
,"/Users/aquilesmariani/Projects/chipperApp/website/web/src/redux/modules/env/reducer.js": {"path":"/Users/aquilesmariani/Projects/chipperApp/website/web/src/redux/modules/env/reducer.js","statementMap":{"0":{"start":{"line":9,"column":2},"end":{"line":9,"column":14}}},"fnMap":{"0":{"name":"reducer","decl":{"start":{"line":7,"column":9},"end":{"line":7,"column":16}},"loc":{"start":{"line":7,"column":74},"end":{"line":11,"column":1}},"line":7}},"branchMap":{"0":{"loc":{"start":{"line":7,"column":18},"end":{"line":7,"column":46}},"type":"default-arg","locations":[{"start":{"line":7,"column":34},"end":{"line":7,"column":46}}],"line":7}},"s":{"0":18},"f":{"0":18},"b":{"0":[7]},"_coverageSchema":"332fd63041d2c1bcb487cc26dd0d5f7d97098a6c","hash":"e22d3a1d4fee06d28250ba956568b76553a86edc"}
,"/Users/aquilesmariani/Projects/chipperApp/website/web/src/redux/modules/examples/index.js": {"path":"/Users/aquilesmariani/Projects/chipperApp/website/web/src/redux/modules/examples/index.js","statementMap":{"0":{"start":{"line":16,"column":17},"end":{"line":19,"column":2}}},"fnMap":{},"branchMap":{},"s":{"0":1},"f":{},"b":{},"_coverageSchema":"332fd63041d2c1bcb487cc26dd0d5f7d97098a6c","hash":"da44638f7c8173056cc5cdf4dcf20c86d22c87ad"}
,"/Users/aquilesmariani/Projects/chipperApp/website/web/src/redux/modules/examples/profile/actions.js": {"path":"/Users/aquilesmariani/Projects/chipperApp/website/web/src/redux/modules/examples/profile/actions.js","statementMap":{"0":{"start":{"line":7,"column":28},"end":{"line":9,"column":2}},"1":{"start":{"line":7,"column":35},"end":{"line":9,"column":1}},"2":{"start":{"line":11,"column":35},"end":{"line":14,"column":2}},"3":{"start":{"line":11,"column":52},"end":{"line":14,"column":1}},"4":{"start":{"line":16,"column":33},"end":{"line":20,"column":2}},"5":{"start":{"line":16,"column":55},"end":{"line":20,"column":1}}},"fnMap":{"0":{"name":"(anonymous_0)","decl":{"start":{"line":7,"column":28},"end":{"line":7,"column":29}},"loc":{"start":{"line":7,"column":35},"end":{"line":9,"column":1}},"line":7},"1":{"name":"(anonymous_1)","decl":{"start":{"line":11,"column":35},"end":{"line":11,"column":36}},"loc":{"start":{"line":11,"column":52},"end":{"line":14,"column":1}},"line":11},"2":{"name":"(anonymous_2)","decl":{"start":{"line":16,"column":33},"end":{"line":16,"column":34}},"loc":{"start":{"line":16,"column":55},"end":{"line":20,"column":1}},"line":16}},"branchMap":{},"s":{"0":1,"1":0,"2":1,"3":0,"4":1,"5":0},"f":{"0":0,"1":0,"2":0},"b":{},"_coverageSchema":"332fd63041d2c1bcb487cc26dd0d5f7d97098a6c","hash":"b73b9abac44e65b9ad76731722e4f5fc2ed150fc"}
,"/Users/aquilesmariani/Projects/chipperApp/website/web/src/redux/modules/examples/profile/consts.js": {"path":"/Users/aquilesmariani/Projects/chipperApp/website/web/src/redux/modules/examples/profile/consts.js","statementMap":{"0":{"start":{"line":2,"column":27},"end":{"line":2,"column":64}},"1":{"start":{"line":3,"column":37},"end":{"line":3,"column":63}},"2":{"start":{"line":4,"column":36},"end":{"line":4,"column":61}}},"fnMap":{},"branchMap":{},"s":{"0":2,"1":2,"2":2},"f":{},"b":{},"_coverageSchema":"332fd63041d2c1bcb487cc26dd0d5f7d97098a6c","hash":"92c17a672f28e1c8f8a42d5fdc4f4d1ff6ce187e"}
,"/Users/aquilesmariani/Projects/chipperApp/website/web/src/redux/modules/examples/profile/initialState.js": {"path":"/Users/aquilesmariani/Projects/chipperApp/website/web/src/redux/modules/examples/profile/initialState.js","statementMap":{"0":{"start":{"line":4,"column":16},"end":{"line":13,"column":1}},"1":{"start":{"line":15,"column":35},"end":{"line":19,"column":1}}},"fnMap":{},"branchMap":{},"s":{"0":2,"1":2},"f":{},"b":{},"_coverageSchema":"332fd63041d2c1bcb487cc26dd0d5f7d97098a6c","hash":"c4777b0a23d23fed9b7fc5f533047119dd827b6b"}
,"/Users/aquilesmariani/Projects/chipperApp/website/web/src/redux/modules/examples/profile/reducer.js": {"path":"/Users/aquilesmariani/Projects/chipperApp/website/web/src/redux/modules/examples/profile/reducer.js","statementMap":{"0":{"start":{"line":13,"column":2},"end":{"line":40,"column":3}},"1":{"start":{"line":16,"column":6},"end":{"line":19,"column":7}},"2":{"start":{"line":22,"column":6},"end":{"line":27,"column":7}},"3":{"start":{"line":30,"column":6},"end":{"line":35,"column":7}},"4":{"start":{"line":38,"column":6},"end":{"line":38,"column":18}}},"fnMap":{"0":{"name":"reducer","decl":{"start":{"line":11,"column":9},"end":{"line":11,"column":16}},"loc":{"start":{"line":11,"column":78},"end":{"line":42,"column":1}},"line":11}},"branchMap":{"0":{"loc":{"start":{"line":11,"column":18},"end":{"line":11,"column":52}},"type":"default-arg","locations":[{"start":{"line":11,"column":40},"end":{"line":11,"column":52}}],"line":11},"1":{"loc":{"start":{"line":13,"column":2},"end":{"line":40,"column":3}},"type":"switch","locations":[{"start":{"line":15,"column":4},"end":{"line":19,"column":7}},{"start":{"line":21,"column":4},"end":{"line":27,"column":7}},{"start":{"line":29,"column":4},"end":{"line":35,"column":7}},{"start":{"line":37,"column":4},"end":{"line":38,"column":18}}],"line":13}},"s":{"0":21,"1":0,"2":0,"3":0,"4":21},"f":{"0":21},"b":{"0":[9],"1":[0,0,0,21]},"_coverageSchema":"332fd63041d2c1bcb487cc26dd0d5f7d97098a6c","hash":"eba46dc0a64ef336e61af523d836541c96a9640c"}
,"/Users/aquilesmariani/Projects/chipperApp/website/web/src/redux/modules/examples/todos/consts.js": {"path":"/Users/aquilesmariani/Projects/chipperApp/website/web/src/redux/modules/examples/todos/consts.js","statementMap":{"0":{"start":{"line":5,"column":25},"end":{"line":5,"column":58}},"1":{"start":{"line":6,"column":26},"end":{"line":6,"column":60}},"2":{"start":{"line":9,"column":30},"end":{"line":9,"column":68}},"3":{"start":{"line":10,"column":27},"end":{"line":10,"column":62}}},"fnMap":{},"branchMap":{},"s":{"0":3,"1":3,"2":3,"3":3},"f":{},"b":{},"_coverageSchema":"332fd63041d2c1bcb487cc26dd0d5f7d97098a6c","hash":"85c4c45c310d46d8572b83802b1747d6ec5d784e"}
,"/Users/aquilesmariani/Projects/chipperApp/website/web/src/redux/modules/examples/todos/initialState.js": {"path":"/Users/aquilesmariani/Projects/chipperApp/website/web/src/redux/modules/examples/todos/initialState.js","statementMap":{"0":{"start":{"line":5,"column":33},"end":{"line":10,"column":1}}},"fnMap":{},"branchMap":{},"s":{"0":3},"f":{},"b":{},"_coverageSchema":"332fd63041d2c1bcb487cc26dd0d5f7d97098a6c","hash":"cc3b8d3c315fe3babf4c2de740a5a1363ec76c38"}
,"/Users/aquilesmariani/Projects/chipperApp/website/web/src/redux/modules/examples/todos/mocks.js": {"path":"/Users/aquilesmariani/Projects/chipperApp/website/web/src/redux/modules/examples/todos/mocks.js","statementMap":{"0":{"start":{"line":3,"column":20},"end":{"line":7,"column":1}},"1":{"start":{"line":9,"column":24},"end":{"line":33,"column":1}}},"fnMap":{},"branchMap":{},"s":{"0":1,"1":1},"f":{},"b":{},"_coverageSchema":"332fd63041d2c1bcb487cc26dd0d5f7d97098a6c","hash":"4307bd7834f841558e2b5f69ecd68018113c5832"}
,"/Users/aquilesmariani/Projects/chipperApp/website/web/src/redux/modules/examples/todos/reducer.js": {"path":"/Users/aquilesmariani/Projects/chipperApp/website/web/src/redux/modules/examples/todos/reducer.js","statementMap":{"0":{"start":{"line":12,"column":2},"end":{"line":62,"column":3}},"1":{"start":{"line":15,"column":6},"end":{"line":18,"column":7}},"2":{"start":{"line":21,"column":6},"end":{"line":24,"column":7}},"3":{"start":{"line":27,"column":6},"end":{"line":32,"column":7}},"4":{"start":{"line":35,"column":6},"end":{"line":39,"column":7}},"5":{"start":{"line":42,"column":6},"end":{"line":45,"column":7}},"6":{"start":{"line":48,"column":6},"end":{"line":51,"column":7}},"7":{"start":{"line":54,"column":6},"end":{"line":57,"column":7}},"8":{"start":{"line":60,"column":6},"end":{"line":60,"column":18}}},"fnMap":{"0":{"name":"reducer","decl":{"start":{"line":10,"column":9},"end":{"line":10,"column":16}},"loc":{"start":{"line":10,"column":76},"end":{"line":64,"column":1}},"line":10}},"branchMap":{"0":{"loc":{"start":{"line":10,"column":18},"end":{"line":10,"column":50}},"type":"default-arg","locations":[{"start":{"line":10,"column":38},"end":{"line":10,"column":50}}],"line":10},"1":{"loc":{"start":{"line":12,"column":2},"end":{"line":62,"column":3}},"type":"switch","locations":[{"start":{"line":14,"column":4},"end":{"line":18,"column":7}},{"start":{"line":20,"column":4},"end":{"line":24,"column":7}},{"start":{"line":26,"column":4},"end":{"line":32,"column":7}},{"start":{"line":34,"column":4},"end":{"line":39,"column":7}},{"start":{"line":41,"column":4},"end":{"line":45,"column":7}},{"start":{"line":47,"column":4},"end":{"line":51,"column":7}},{"start":{"line":53,"column":4},"end":{"line":57,"column":7}},{"start":{"line":59,"column":4},"end":{"line":60,"column":18}}],"line":12}},"s":{"0":28,"1":0,"2":1,"3":1,"4":1,"5":1,"6":1,"7":1,"8":22},"f":{"0":28},"b":{"0":[10],"1":[0,1,1,1,1,1,1,22]},"_coverageSchema":"332fd63041d2c1bcb487cc26dd0d5f7d97098a6c","hash":"79609abef7db5be3d1efe5d6929ce795e7d03ce0"}
,"/Users/aquilesmariani/Projects/chipperApp/website/web/src/redux/modules/init/consts.js": {"path":"/Users/aquilesmariani/Projects/chipperApp/website/web/src/redux/modules/init/consts.js","statementMap":{"0":{"start":{"line":2,"column":20},"end":{"line":2,"column":38}},"1":{"start":{"line":3,"column":28},"end":{"line":3,"column":54}}},"fnMap":{},"branchMap":{},"s":{"0":2,"1":2},"f":{},"b":{},"_coverageSchema":"332fd63041d2c1bcb487cc26dd0d5f7d97098a6c","hash":"26236c75ad5cf502fe9cdb889ddc4d3ac0701f9e"}
,"/Users/aquilesmariani/Projects/chipperApp/website/web/src/redux/modules/init/initialState.js": {"path":"/Users/aquilesmariani/Projects/chipperApp/website/web/src/redux/modules/init/initialState.js","statementMap":{"0":{"start":{"line":2,"column":21},"end":{"line":5,"column":1}}},"fnMap":{},"branchMap":{},"s":{"0":2},"f":{},"b":{},"_coverageSchema":"332fd63041d2c1bcb487cc26dd0d5f7d97098a6c","hash":"92722ccb9a1fdfcdaa1d9f2b74cf72b671ad6bb9"}
,"/Users/aquilesmariani/Projects/chipperApp/website/web/src/redux/modules/init/reducer.js": {"path":"/Users/aquilesmariani/Projects/chipperApp/website/web/src/redux/modules/init/reducer.js","statementMap":{"0":{"start":{"line":9,"column":2},"end":{"line":27,"column":3}},"1":{"start":{"line":12,"column":6},"end":{"line":15,"column":7}},"2":{"start":{"line":18,"column":6},"end":{"line":22,"column":7}},"3":{"start":{"line":25,"column":6},"end":{"line":25,"column":18}}},"fnMap":{"0":{"name":"reducer","decl":{"start":{"line":7,"column":9},"end":{"line":7,"column":16}},"loc":{"start":{"line":7,"column":71},"end":{"line":29,"column":1}},"line":7}},"branchMap":{"0":{"loc":{"start":{"line":7,"column":18},"end":{"line":7,"column":49}},"type":"default-arg","locations":[{"start":{"line":7,"column":37},"end":{"line":7,"column":49}}],"line":7},"1":{"loc":{"start":{"line":9,"column":2},"end":{"line":27,"column":3}},"type":"switch","locations":[{"start":{"line":11,"column":4},"end":{"line":15,"column":7}},{"start":{"line":17,"column":4},"end":{"line":22,"column":7}},{"start":{"line":24,"column":4},"end":{"line":25,"column":18}}],"line":9}},"s":{"0":21,"1":1,"2":1,"3":19},"f":{"0":21},"b":{"0":[7],"1":[1,1,19]},"_coverageSchema":"332fd63041d2c1bcb487cc26dd0d5f7d97098a6c","hash":"5284cd61b5899d503ba2b0e15d372d1052a79d96"}
,"/Users/aquilesmariani/Projects/chipperApp/website/web/src/redux/modules/request/initialState.js": {"path":"/Users/aquilesmariani/Projects/chipperApp/website/web/src/redux/modules/request/initialState.js","statementMap":{"0":{"start":{"line":2,"column":21},"end":{"line":2,"column":38}}},"fnMap":{},"branchMap":{},"s":{"0":1},"f":{},"b":{},"_coverageSchema":"332fd63041d2c1bcb487cc26dd0d5f7d97098a6c","hash":"3c899d7fb1646d41552e87f0077583a1e119cdee"}
,"/Users/aquilesmariani/Projects/chipperApp/website/web/src/redux/modules/request/reducer.js": {"path":"/Users/aquilesmariani/Projects/chipperApp/website/web/src/redux/modules/request/reducer.js","statementMap":{"0":{"start":{"line":12,"column":2},"end":{"line":12,"column":14}}},"fnMap":{"0":{"name":"reducer","decl":{"start":{"line":7,"column":9},"end":{"line":7,"column":16}},"loc":{"start":{"line":10,"column":16},"end":{"line":14,"column":1}},"line":10}},"branchMap":{"0":{"loc":{"start":{"line":8,"column":2},"end":{"line":8,"column":30}},"type":"default-arg","locations":[{"start":{"line":8,"column":18},"end":{"line":8,"column":30}}],"line":8}},"s":{"0":18},"f":{"0":18},"b":{"0":[7]},"_coverageSchema":"332fd63041d2c1bcb487cc26dd0d5f7d97098a6c","hash":"4f09ff8b89f66bb30d28e2b3fc37deaa1266fbf9"}
,"/Users/aquilesmariani/Projects/chipperApp/website/web/src/redux/modules/ui/consts.js": {"path":"/Users/aquilesmariani/Projects/chipperApp/website/web/src/redux/modules/ui/consts.js","statementMap":{"0":{"start":{"line":2,"column":29},"end":{"line":2,"column":54}},"1":{"start":{"line":3,"column":28},"end":{"line":3,"column":52}},"2":{"start":{"line":5,"column":29},"end":{"line":5,"column":54}},"3":{"start":{"line":6,"column":28},"end":{"line":6,"column":52}}},"fnMap":{},"branchMap":{},"s":{"0":1,"1":1,"2":1,"3":1},"f":{},"b":{},"_coverageSchema":"332fd63041d2c1bcb487cc26dd0d5f7d97098a6c","hash":"66d26c510235c38ae918bac4c88867c43394ef3f"}
,"/Users/aquilesmariani/Projects/chipperApp/website/web/src/redux/modules/ui/initialState.js": {"path":"/Users/aquilesmariani/Projects/chipperApp/website/web/src/redux/modules/ui/initialState.js","statementMap":{"0":{"start":{"line":4,"column":30},"end":{"line":9,"column":1}}},"fnMap":{},"branchMap":{},"s":{"0":1},"f":{},"b":{},"_coverageSchema":"332fd63041d2c1bcb487cc26dd0d5f7d97098a6c","hash":"c4fea0b54c7dbc37db5e0557d18ec7851f73f9db"}
,"/Users/aquilesmariani/Projects/chipperApp/website/web/src/redux/modules/ui/reducer.js": {"path":"/Users/aquilesmariani/Projects/chipperApp/website/web/src/redux/modules/ui/reducer.js","statementMap":{"0":{"start":{"line":17,"column":2},"end":{"line":52,"column":3}},"1":{"start":{"line":20,"column":6},"end":{"line":23,"column":7}},"2":{"start":{"line":26,"column":6},"end":{"line":29,"column":7}},"3":{"start":{"line":32,"column":6},"end":{"line":35,"column":7}},"4":{"start":{"line":38,"column":6},"end":{"line":41,"column":7}},"5":{"start":{"line":44,"column":6},"end":{"line":47,"column":7}},"6":{"start":{"line":50,"column":6},"end":{"line":50,"column":18}}},"fnMap":{"0":{"name":"reducer","decl":{"start":{"line":15,"column":9},"end":{"line":15,"column":16}},"loc":{"start":{"line":15,"column":73},"end":{"line":54,"column":1}},"line":15}},"branchMap":{"0":{"loc":{"start":{"line":15,"column":18},"end":{"line":15,"column":47}},"type":"default-arg","locations":[{"start":{"line":15,"column":35},"end":{"line":15,"column":47}}],"line":15},"1":{"loc":{"start":{"line":17,"column":2},"end":{"line":52,"column":3}},"type":"switch","locations":[{"start":{"line":19,"column":4},"end":{"line":23,"column":7}},{"start":{"line":25,"column":4},"end":{"line":29,"column":7}},{"start":{"line":31,"column":4},"end":{"line":35,"column":7}},{"start":{"line":37,"column":4},"end":{"line":41,"column":7}},{"start":{"line":43,"column":4},"end":{"line":47,"column":7}},{"start":{"line":49,"column":4},"end":{"line":50,"column":18}}],"line":17}},"s":{"0":18,"1":0,"2":0,"3":0,"4":0,"5":0,"6":18},"f":{"0":18},"b":{"0":[7],"1":[0,0,0,0,0,18]},"_coverageSchema":"332fd63041d2c1bcb487cc26dd0d5f7d97098a6c","hash":"27c0c4ae68a6fc4ee68d7c8d4a81e009e86f7d98"}
}
