TN:
SF:/Users/aquilesmariani/Projects/chipperApp/website/web/testSetup.js
FNF:0
FNH:0
DA:6,22
LF:1
LH:1
BRF:0
BRH:0
end_of_record
TN:
SF:/Users/aquilesmariani/Projects/chipperApp/website/web/config/env.js
FN:65,(anonymous_0)
FN:70,(anonymous_1)
FNF:2
FNH:2
FNDA:9,(anonymous_0)
FNDA:3,(anonymous_1)
DA:4,3
DA:39,3
DA:43,3
DA:65,9
DA:70,3
DA:72,3
DA:73,0
DA:74,0
DA:79,3
LF:9
LH:7
BRDA:48,0,0,3
BRDA:48,0,1,0
BRDA:51,1,0,3
BRDA:51,1,1,3
BRDA:52,2,0,3
BRDA:52,2,1,3
BRDA:59,3,0,3
BRDA:59,3,1,3
BRDA:60,4,0,3
BRDA:60,4,1,3
BRDA:66,5,0,9
BRDA:66,5,1,9
BRDA:72,6,0,3
BRDA:72,6,1,0
BRDA:73,7,0,0
BRDA:73,7,1,0
BRF:16
BRH:12
end_of_record
TN:
SF:/Users/aquilesmariani/Projects/chipperApp/website/web/config/muiTheme.js
FN:6,(anonymous_0)
FNF:1
FNH:1
FNDA:5,(anonymous_0)
DA:6,5
LF:1
LH:1
BRF:0
BRH:0
end_of_record
TN:
SF:/Users/aquilesmariani/Projects/chipperApp/website/web/config/offline.js
FN:33,(anonymous_0)
FNF:1
FNH:0
FNDA:0,(anonymous_0)
DA:6,1
DA:9,1
DA:15,1
DA:36,0
LF:4
LH:3
BRDA:36,0,0,0
BRDA:36,0,1,0
BRF:2
BRH:0
end_of_record
TN:
SF:/Users/aquilesmariani/Projects/chipperApp/website/web/config/variables.js
FNF:0
FNH:0
DA:9,7
DA:76,7
LF:2
LH:2
BRF:0
BRH:0
end_of_record
TN:
SF:/Users/aquilesmariani/Projects/chipperApp/website/web/config/webpack/browser.js
FN:117,getCustomLoadersBlock
FN:119,(anonymous_1)
FNF:2
FNH:2
FNDA:1,getCustomLoadersBlock
FNDA:1,(anonymous_1)
DA:3,1
DA:4,1
DA:5,1
DA:6,1
DA:7,1
DA:9,1
DA:10,1
DA:11,1
DA:12,1
DA:20,1
DA:22,1
DA:23,1
DA:27,1
DA:29,1
DA:30,1
DA:31,1
DA:32,1
DA:34,1
DA:35,1
DA:37,1
DA:39,1
DA:119,1
DA:121,1
DA:127,1
DA:161,1
LF:25
LH:25
BRDA:59,0,0,1
BRDA:59,0,1,0
BRF:2
BRH:1
end_of_record
TN:
SF:/Users/aquilesmariani/Projects/chipperApp/website/web/config/webpack/server.js
FN:72,getCustomLoadersBlock
FN:74,(anonymous_1)
FNF:2
FNH:2
FNDA:1,getCustomLoadersBlock
FNDA:1,(anonymous_1)
DA:3,1
DA:4,1
DA:12,1
DA:14,1
DA:15,1
DA:16,1
DA:17,1
DA:18,1
DA:19,1
DA:20,1
DA:23,1
DA:74,1
DA:76,1
DA:82,1
DA:122,1
LF:15
LH:15
BRF:0
BRH:0
end_of_record
TN:
SF:/Users/aquilesmariani/Projects/chipperApp/website/web/config/webpack/blocks/babel.js
FN:3,babel
FN:6,(anonymous_1)
FNF:2
FNH:2
FNDA:2,babel
FNDA:2,(anonymous_1)
DA:6,2
DA:8,2
DA:9,2
DA:11,2
DA:49,2
LF:5
LH:5
BRF:0
BRH:0
end_of_record
TN:
SF:/Users/aquilesmariani/Projects/chipperApp/website/web/config/webpack/blocks/cssModules.js
FN:5,wrapExtract
FN:19,getRule
FN:69,cssModules
FN:71,(anonymous_3)
FNF:4
FNH:4
FNDA:12,wrapExtract
FNDA:12,getRule
FNDA:6,cssModules
FNDA:6,(anonymous_3)
DA:2,3
DA:9,12
DA:13,12
DA:28,12
DA:32,12
DA:36,12
DA:40,12
DA:44,12
DA:48,12
DA:61,12
DA:71,6
DA:75,6
DA:77,6
DA:81,6
DA:91,6
DA:93,3
DA:104,3
DA:111,3
LF:18
LH:18
BRDA:13,0,0,6
BRDA:13,0,1,6
BRDA:28,1,0,6
BRDA:28,1,1,6
BRDA:32,2,0,6
BRDA:32,2,1,6
BRDA:36,3,0,6
BRDA:36,3,1,6
BRDA:40,4,0,4
BRDA:40,4,1,8
BRDA:44,5,0,6
BRDA:44,5,1,6
BRDA:91,6,0,3
BRDA:91,6,1,3
BRF:14
BRH:14
end_of_record
TN:
SF:/Users/aquilesmariani/Projects/chipperApp/website/web/config/webpack/blocks/eslint.js
FN:2,eslint
FN:5,(anonymous_1)
FNF:2
FNH:1
FNDA:1,eslint
FNDA:0,(anonymous_1)
DA:5,1
DA:25,1
LF:2
LH:2
BRF:0
BRH:0
end_of_record
TN:
SF:/Users/aquilesmariani/Projects/chipperApp/website/web/config/webpack/blocks/getEntry.js
FN:7,getEntry
FN:9,(anonymous_1)
FN:52,(anonymous_2)
FNF:3
FNH:3
FNDA:2,getEntry
FNDA:2,(anonymous_1)
FNDA:1,(anonymous_2)
DA:2,2
DA:4,2
DA:9,2
DA:13,2
DA:15,2
DA:17,1
DA:37,1
DA:41,1
DA:44,1
DA:51,1
DA:52,1
DA:54,1
DA:55,1
DA:59,1
DA:63,0
DA:70,2
LF:16
LH:15
BRDA:13,0,0,0
BRDA:13,0,1,2
BRDA:15,1,0,1
BRDA:15,1,1,1
BRDA:37,2,0,1
BRDA:37,2,1,0
BRDA:41,3,0,0
BRDA:41,3,1,1
BRF:8
BRH:5
end_of_record
TN:
SF:/Users/aquilesmariani/Projects/chipperApp/website/web/config/webpack/blocks/getExternals.js
FN:5,getExternals
FN:7,(anonymous_1)
FNF:2
FNH:2
FNDA:1,getExternals
FNDA:1,(anonymous_1)
DA:2,1
DA:7,1
DA:9,1
DA:17,1
DA:26,1
LF:5
LH:5
BRDA:17,0,0,1
BRDA:17,0,1,0
BRF:2
BRH:1
end_of_record
TN:
SF:/Users/aquilesmariani/Projects/chipperApp/website/web/config/webpack/blocks/getResolve.js
FN:5,getResolve
FN:8,(anonymous_1)
FNF:2
FNH:2
FNDA:2,getResolve
FNDA:2,(anonymous_1)
DA:2,2
DA:8,2
DA:27,2
LF:3
LH:3
BRF:0
BRH:0
end_of_record
TN:
SF:/Users/aquilesmariani/Projects/chipperApp/website/web/config/webpack/blocks/getTarget.js
FN:4,getTarget
FN:6,(anonymous_1)
FNF:2
FNH:2
FNDA:2,getTarget
FNDA:2,(anonymous_1)
DA:6,2
DA:10,2
DA:12,2
DA:14,1
DA:17,1
DA:19,1
DA:23,0
DA:30,2
LF:8
LH:7
BRDA:10,0,0,0
BRDA:10,0,1,2
BRDA:12,1,0,1
BRDA:12,1,1,1
BRDA:17,2,0,1
BRDA:17,2,1,0
BRF:6
BRH:4
end_of_record
TN:
SF:/Users/aquilesmariani/Projects/chipperApp/website/web/config/webpack/blocks/setPlatform.js
FN:3,setPlatform
FN:5,(anonymous_1)
FN:7,(anonymous_2)
FNF:3
FNH:3
FNDA:2,setPlatform
FNDA:2,(anonymous_1)
FNDA:2,(anonymous_2)
DA:5,2
DA:7,2
DA:10,2
DA:14,2
DA:19,2
LF:5
LH:5
BRF:0
BRH:0
end_of_record
TN:
SF:/Users/aquilesmariani/Projects/chipperApp/website/web/server/views/Html.js
FN:17,generateScript
FN:23,(anonymous_1)
FNF:2
FNH:2
FNDA:9,generateScript
FNDA:4,(anonymous_1)
DA:19,9
DA:23,1
DA:25,4
DA:26,4
DA:28,4
DA:29,4
DA:30,4
DA:31,4
DA:32,4
DA:35,4
DA:40,4
DA:41,4
DA:43,4
LF:13
LH:13
BRDA:19,0,0,9
BRDA:19,0,1,0
BRF:2
BRH:1
end_of_record
TN:
SF:/Users/aquilesmariani/Projects/chipperApp/website/web/src/components/examples/Home/Home.js
FN:23,(anonymous_0)
FN:34,(anonymous_1)
FNF:2
FNH:1
FNDA:0,(anonymous_0)
FNDA:1,(anonymous_1)
DA:28,0
DA:30,0
DA:36,1
LF:3
LH:1
BRF:0
BRH:0
end_of_record
TN:
SF:/Users/aquilesmariani/Projects/chipperApp/website/web/src/components/examples/Profile/Profile.js
FN:17,(anonymous_0)
FN:27,(anonymous_1)
FNF:2
FNH:2
FNDA:1,(anonymous_0)
FNDA:1,(anonymous_1)
DA:19,1
DA:29,1
DA:31,1
LF:3
LH:3
BRF:0
BRH:0
end_of_record
TN:
SF:/Users/aquilesmariani/Projects/chipperApp/website/web/src/components/examples/Template/Template.js
FN:17,(anonymous_0)
FNF:1
FNH:1
FNDA:1,(anonymous_0)
DA:19,1
DA:21,1
LF:2
LH:2
BRF:0
BRH:0
end_of_record
TN:
SF:/Users/aquilesmariani/Projects/chipperApp/website/web/src/components/examples/Todos/Todos.js
FN:15,(anonymous_0)
FN:25,(anonymous_1)
FN:29,(anonymous_2)
FNF:3
FNH:2
FNDA:1,(anonymous_0)
FNDA:1,(anonymous_1)
FNDA:0,(anonymous_2)
DA:17,1
DA:27,1
DA:29,1
DA:30,0
DA:33,1
LF:5
LH:4
BRF:0
BRH:0
end_of_record
TN:
SF:/Users/aquilesmariani/Projects/chipperApp/website/web/src/components/shared/ErrorMessage/ErrorMessage.js
FN:13,(anonymous_0)
FNF:1
FNH:1
FNDA:1,(anonymous_0)
DA:8,1
DA:13,1
DA:15,1
DA:17,1
DA:19,1
LF:5
LH:5
BRDA:17,0,0,0
BRDA:17,0,1,1
BRF:2
BRH:1
end_of_record
TN:
SF:/Users/aquilesmariani/Projects/chipperApp/website/web/src/components/shared/LinkReplace/LinkReplace.js
FN:22,(anonymous_0)
FN:68,(anonymous_1)
FNF:2
FNH:1
FNDA:0,(anonymous_0)
FNDA:1,(anonymous_1)
DA:27,0
DA:29,0
DA:31,0
DA:39,0
DA:41,0
DA:48,0
DA:50,0
DA:59,0
DA:70,1
LF:9
LH:1
BRDA:29,0,0,0
BRDA:29,0,1,0
BRDA:29,1,0,0
BRDA:29,1,1,0
BRDA:39,2,0,0
BRDA:39,2,1,0
BRDA:48,3,0,0
BRDA:48,3,1,0
BRF:8
BRH:0
end_of_record
TN:
SF:/Users/aquilesmariani/Projects/chipperApp/website/web/src/components/shared/LoadingIndicator/LoadingIndicator.js
FN:17,(anonymous_0)
FNF:1
FNH:1
FNDA:2,(anonymous_0)
DA:19,2
DA:21,2
DA:23,1
LF:3
LH:3
BRDA:21,0,0,1
BRDA:21,0,1,1
BRF:2
BRH:2
end_of_record
TN:
SF:/Users/aquilesmariani/Projects/chipperApp/website/web/src/components/shared/Modal/Modal.js
FN:14,(anonymous_0)
FN:20,(anonymous_1)
FN:44,(anonymous_2)
FNF:3
FNH:3
FNDA:5,(anonymous_0)
FNDA:5,(anonymous_1)
FNDA:5,(anonymous_2)
DA:15,5
DA:22,5
DA:23,5
DA:28,5
DA:36,5
DA:46,5
DA:50,5
DA:54,5
DA:62,1
DA:63,1
DA:67,4
DA:70,4
LF:12
LH:12
BRDA:15,0,0,5
BRDA:15,0,1,0
BRDA:50,1,0,5
BRDA:50,1,1,0
BRDA:54,2,0,1
BRDA:54,2,1,4
BRDA:55,3,0,5
BRDA:55,3,1,2
BRDA:55,3,2,2
BRDA:55,3,3,2
BRDA:55,3,4,1
BRDA:67,4,0,4
BRDA:67,4,1,0
BRDA:67,5,0,4
BRDA:67,5,1,4
BRDA:70,6,0,3
BRDA:70,6,1,1
BRF:17
BRH:14
end_of_record
TN:
SF:/Users/aquilesmariani/Projects/chipperApp/website/web/src/components/shared/Modal/index.js
FNF:0
FNH:0
LF:0
LH:0
BRF:0
BRH:0
end_of_record
TN:
SF:/Users/aquilesmariani/Projects/chipperApp/website/web/src/components/shared/Modal/Login/Login.index.js
FN:10,(anonymous_0)
FN:17,(anonymous_1)
FN:26,(anonymous_2)
FN:37,(anonymous_3)
FN:57,(anonymous_4)
FNF:5
FNH:3
FNDA:3,(anonymous_0)
FNDA:6,(anonymous_1)
FNDA:0,(anonymous_2)
FNDA:0,(anonymous_3)
FNDA:6,(anonymous_4)
DA:10,1
DA:12,3
DA:13,3
DA:17,3
DA:19,6
DA:22,3
DA:26,1
DA:28,0
DA:29,0
DA:30,0
DA:32,0
DA:37,0
DA:41,1
DA:57,1
DA:58,6
LF:15
LH:10
BRDA:19,0,0,0
BRDA:19,0,1,6
BRF:2
BRH:1
end_of_record
TN:
SF:/Users/aquilesmariani/Projects/chipperApp/website/web/src/components/shared/Modal/Login/Login.js
FN:24,(anonymous_0)
FN:26,(anonymous_1)
FNF:2
FNH:1
FNDA:0,(anonymous_0)
FNDA:8,(anonymous_1)
DA:24,0
DA:33,8
DA:35,8
LF:3
LH:2
BRDA:75,0,0,8
BRDA:75,0,1,7
BRDA:77,1,0,1
BRDA:77,1,1,7
BRDA:77,2,0,8
BRDA:77,2,1,7
BRF:6
BRH:6
end_of_record
TN:
SF:/Users/aquilesmariani/Projects/chipperApp/website/web/src/components/shared/RequireAuth/RequireAuth.js
FN:22,(anonymous_0)
FNF:1
FNH:1
FNDA:5,(anonymous_0)
DA:24,5
DA:25,5
DA:26,5
DA:28,5
DA:30,5
DA:31,3
DA:33,2
LF:7
LH:7
BRDA:28,0,0,5
BRDA:28,0,1,4
BRDA:30,1,0,2
BRDA:30,1,1,3
BRDA:30,2,0,5
BRDA:30,2,1,3
BRDA:31,3,0,1
BRDA:31,3,1,2
BRDA:31,4,0,3
BRDA:31,4,1,1
BRDA:33,5,0,2
BRDA:33,5,1,1
BRF:12
BRH:12
end_of_record
TN:
SF:/Users/aquilesmariani/Projects/chipperApp/website/web/src/components/shared/RequireAuth/index.js
FN:12,(anonymous_0)
FNF:1
FNH:0
FNDA:0,(anonymous_0)
DA:12,2
DA:14,0
LF:2
LH:1
BRF:0
BRH:0
end_of_record
TN:
SF:/Users/aquilesmariani/Projects/chipperApp/website/web/src/components/shared/Status/Status.js
FN:11,(anonymous_0)
FN:12,(anonymous_1)
FNF:2
FNH:2
FNDA:2,(anonymous_0)
FNDA:1,(anonymous_1)
DA:11,1
DA:12,2
DA:15,1
DA:18,1
LF:4
LH:4
BRDA:15,0,0,1
BRDA:15,0,1,0
BRF:2
BRH:1
end_of_record
TN:
SF:/Users/aquilesmariani/Projects/chipperApp/website/web/src/components/shared/TextField/TextField.js
FN:19,(anonymous_0)
FN:26,(anonymous_1)
FN:48,(anonymous_2)
FNF:3
FNH:2
FNDA:0,(anonymous_0)
FNDA:7,(anonymous_1)
FNDA:10,(anonymous_2)
DA:19,0
DA:37,7
DA:40,7
DA:46,7
DA:50,10
LF:5
LH:4
BRDA:53,0,0,7
BRDA:53,0,1,0
BRF:2
BRH:1
end_of_record
TN:
SF:/Users/aquilesmariani/Projects/chipperApp/website/web/src/components/shared/TextField/index.js
FNF:0
FNH:0
LF:0
LH:0
BRF:0
BRH:0
end_of_record
TN:
SF:/Users/aquilesmariani/Projects/chipperApp/website/web/src/helpers/api.js
FN:32,(anonymous_0)
FN:34,(anonymous_1)
FN:37,(anonymous_2)
FN:53,(anonymous_3)
FN:54,(anonymous_4)
FN:70,(anonymous_5)
FN:116,(anonymous_6)
FN:123,(anonymous_7)
FN:148,(anonymous_8)
FN:152,(anonymous_9)
FN:157,(anonymous_10)
FN:161,(anonymous_11)
FN:166,(anonymous_12)
FN:170,(anonymous_13)
FN:175,(anonymous_14)
FN:179,(anonymous_15)
FN:184,(anonymous_16)
FN:188,(anonymous_17)
FN:192,(anonymous_18)
FN:195,(anonymous_19)
FN:196,(anonymous_20)
FN:200,(anonymous_21)
FN:203,(anonymous_22)
FNF:23
FNH:20
FNDA:6,(anonymous_0)
FNDA:6,(anonymous_1)
FNDA:6,(anonymous_2)
FNDA:6,(anonymous_3)
FNDA:0,(anonymous_4)
FNDA:0,(anonymous_5)
FNDA:7,(anonymous_6)
FNDA:7,(anonymous_7)
FNDA:2,(anonymous_8)
FNDA:2,(anonymous_9)
FNDA:1,(anonymous_10)
FNDA:1,(anonymous_11)
FNDA:1,(anonymous_12)
FNDA:1,(anonymous_13)
FNDA:1,(anonymous_14)
FNDA:1,(anonymous_15)
FNDA:1,(anonymous_16)
FNDA:1,(anonymous_17)
FNDA:1,(anonymous_18)
FNDA:1,(anonymous_19)
FNDA:1,(anonymous_20)
FNDA:1,(anonymous_21)
FNDA:0,(anonymous_22)
DA:8,2
DA:9,2
DA:32,2
DA:33,6
DA:37,6
DA:39,6
DA:41,6
DA:45,6
DA:53,6
DA:54,0
DA:70,2
DA:75,0
DA:77,0
DA:83,0
DA:90,0
DA:92,0
DA:100,0
DA:116,2
DA:118,7
DA:120,7
DA:122,7
DA:125,7
DA:127,7
DA:135,1
DA:148,2
DA:151,2
DA:153,2
DA:157,2
DA:160,1
DA:162,1
DA:166,2
DA:169,1
DA:171,1
DA:175,2
DA:178,1
DA:180,1
DA:184,2
DA:187,1
DA:189,1
DA:192,2
DA:195,1
DA:196,1
DA:200,1
DA:203,0
LF:44
LH:36
BRDA:37,0,0,0
BRDA:39,1,0,6
BRDA:39,1,1,0
BRDA:41,2,0,0
BRDA:41,2,1,6
BRDA:41,3,0,6
BRDA:41,3,1,6
BRDA:46,4,0,3
BRDA:46,4,1,3
BRDA:48,5,0,0
BRDA:48,5,1,6
BRDA:77,6,0,0
BRDA:77,6,1,0
BRDA:77,7,0,0
BRDA:77,7,1,0
BRDA:77,7,2,0
BRDA:77,7,3,0
BRDA:90,8,0,0
BRDA:90,8,1,0
BRDA:120,9,0,0
BRDA:120,9,1,7
BRDA:158,10,0,0
BRDA:167,11,0,0
BRDA:176,12,0,0
BRDA:194,13,0,0
BRF:25
BRH:8
end_of_record
TN:
SF:/Users/aquilesmariani/Projects/chipperApp/website/web/src/helpers/auth.js
FN:10,(anonymous_0)
FN:13,(anonymous_1)
FN:16,(anonymous_2)
FNF:3
FNH:1
FNDA:6,(anonymous_0)
FNDA:0,(anonymous_1)
FNDA:0,(anonymous_2)
DA:5,2
DA:10,2
DA:11,6
DA:13,2
DA:14,0
DA:16,2
DA:17,0
LF:7
LH:5
BRF:0
BRH:0
end_of_record
TN:
SF:/Users/aquilesmariani/Projects/chipperApp/website/web/src/helpers/observableApi.js
FN:23,(anonymous_0)
FN:34,(anonymous_1)
FN:44,(anonymous_2)
FNF:3
FNH:0
FNDA:0,(anonymous_0)
FNDA:0,(anonymous_1)
FNDA:0,(anonymous_2)
DA:13,1
DA:26,0
DA:36,0
DA:37,0
DA:48,0
DA:49,0
LF:6
LH:1
BRDA:25,0,0,0
BRDA:37,1,0,0
BRDA:37,1,1,0
BRF:3
BRH:0
end_of_record
TN:
SF:/Users/aquilesmariani/Projects/chipperApp/website/web/src/helpers/storage.js
FN:13,(anonymous_0)
FN:17,(anonymous_1)
FN:21,setItem
FN:34,getItem
FN:43,removeItem
FNF:5
FNH:3
FNDA:1,(anonymous_0)
FNDA:1,(anonymous_1)
FNDA:0,setItem
FNDA:6,getItem
FNDA:0,removeItem
DA:6,3
DA:8,3
DA:13,3
DA:14,1
DA:17,3
DA:18,1
DA:21,3
DA:25,0
DA:34,3
DA:36,6
DA:37,6
DA:38,6
DA:43,3
DA:45,0
LF:14
LH:12
BRDA:8,0,0,3
BRDA:8,0,1,0
BRDA:37,1,0,0
BRDA:37,1,1,6
BRF:4
BRH:2
end_of_record
TN:
SF:/Users/aquilesmariani/Projects/chipperApp/website/web/src/redux/devtools.js
FN:4,(anonymous_0)
FNF:1
FNH:1
FNDA:5,(anonymous_0)
DA:4,5
LF:1
LH:1
BRF:0
BRH:0
end_of_record
TN:
SF:/Users/aquilesmariani/Projects/chipperApp/website/web/src/redux/store.js
FN:12,configureStore
FN:45,(anonymous_1)
FNF:2
FNH:1
FNDA:5,configureStore
FNDA:0,(anonymous_1)
DA:14,5
DA:16,5
DA:24,5
DA:35,5
DA:40,5
DA:43,5
DA:45,0
DA:46,0
DA:50,5
LF:9
LH:7
BRDA:12,0,0,5
BRDA:24,1,0,0
BRDA:24,1,1,5
BRDA:43,2,0,0
BRDA:43,2,1,5
BRF:5
BRH:3
end_of_record
TN:
SF:/Users/aquilesmariani/Projects/chipperApp/website/web/src/redux/epics/fetchProfile.js
FN:23,(anonymous_0)
FN:24,(anonymous_1)
FN:30,(anonymous_2)
FN:47,(anonymous_3)
FNF:4
FNH:1
FNDA:5,(anonymous_0)
FNDA:0,(anonymous_1)
FNDA:0,(anonymous_2)
FNDA:0,(anonymous_3)
DA:16,1
DA:23,5
DA:29,0
DA:33,0
DA:34,0
DA:36,0
DA:50,0
LF:7
LH:2
BRDA:34,0,0,0
BRDA:34,0,1,0
BRF:2
BRH:0
end_of_record
TN:
SF:/Users/aquilesmariani/Projects/chipperApp/website/web/src/redux/epics/index.js
FNF:0
FNH:0
DA:12,1
LF:1
LH:1
BRF:0
BRH:0
end_of_record
TN:
SF:/Users/aquilesmariani/Projects/chipperApp/website/web/src/redux/middleware/errorDisplay.js
FN:12,(anonymous_0)
FN:13,(anonymous_1)
FN:13,(anonymous_2)
FNF:3
FNH:3
FNDA:5,(anonymous_0)
FNDA:5,(anonymous_1)
FNDA:11,(anonymous_2)
DA:5,1
DA:8,1
DA:12,1
DA:13,5
DA:15,11
DA:16,0
DA:18,0
DA:21,0
DA:23,0
DA:26,0
DA:28,0
DA:32,0
DA:34,0
DA:38,0
DA:47,0
LF:15
LH:5
BRDA:15,0,0,11
BRDA:15,0,1,0
BRDA:16,1,0,0
BRDA:16,1,1,0
BRDA:16,2,0,0
BRDA:16,2,1,0
BRDA:21,3,0,0
BRDA:21,3,1,0
BRDA:26,4,0,0
BRDA:26,4,1,0
BRDA:32,5,0,0
BRDA:32,5,1,0
BRDA:32,6,0,0
BRDA:32,6,1,0
BRF:14
BRH:1
end_of_record
TN:
SF:/Users/aquilesmariani/Projects/chipperApp/website/web/src/redux/modules/index.js
FNF:0
FNH:0
DA:40,1
LF:1
LH:1
BRF:0
BRH:0
end_of_record
TN:
SF:/Users/aquilesmariani/Projects/chipperApp/website/web/src/redux/modules/auth/actions.js
FN:13,(anonymous_0)
FN:16,(anonymous_1)
FN:19,(anonymous_2)
FN:20,(anonymous_3)
FN:24,(anonymous_4)
FN:25,(anonymous_5)
FNF:6
FNH:0
FNDA:0,(anonymous_0)
FNDA:0,(anonymous_1)
FNDA:0,(anonymous_2)
FNDA:0,(anonymous_3)
FNDA:0,(anonymous_4)
FNDA:0,(anonymous_5)
DA:13,1
DA:16,0
DA:19,0
DA:20,0
DA:24,1
DA:25,0
DA:28,0
DA:29,0
DA:33,0
LF:9
LH:2
BRDA:29,0,0,0
BRDA:29,0,1,0
BRF:2
BRH:0
end_of_record
TN:
SF:/Users/aquilesmariani/Projects/chipperApp/website/web/src/redux/modules/auth/api.js
FN:9,(anonymous_0)
FN:11,(anonymous_1)
FN:22,(anonymous_2)
FN:24,(anonymous_3)
FNF:4
FNH:0
FNDA:0,(anonymous_0)
FNDA:0,(anonymous_1)
FNDA:0,(anonymous_2)
FNDA:0,(anonymous_3)
DA:7,1
DA:9,1
DA:11,1
DA:12,0
DA:22,1
DA:24,1
DA:25,0
LF:7
LH:5
BRDA:12,0,0,0
BRDA:12,0,1,0
BRDA:25,1,0,0
BRDA:25,1,1,0
BRF:4
BRH:0
end_of_record
TN:
SF:/Users/aquilesmariani/Projects/chipperApp/website/web/src/redux/modules/auth/consts.js
FNF:0
FNH:0
DA:2,3
DA:3,3
LF:2
LH:2
BRF:0
BRH:0
end_of_record
TN:
SF:/Users/aquilesmariani/Projects/chipperApp/website/web/src/redux/modules/auth/initialState.js
FNF:0
FNH:0
DA:5,2
LF:1
LH:1
BRF:0
BRH:0
end_of_record
TN:
SF:/Users/aquilesmariani/Projects/chipperApp/website/web/src/redux/modules/auth/mocks.js
FNF:0
FNH:0
DA:3,2
LF:1
LH:1
BRF:0
BRH:0
end_of_record
TN:
SF:/Users/aquilesmariani/Projects/chipperApp/website/web/src/redux/modules/auth/reducer.js
FN:10,reducer
FNF:1
FNH:1
FNDA:26,reducer
DA:12,26
DA:15,1
DA:21,1
DA:29,1
DA:37,1
DA:45,1
DA:53,1
DA:62,20
LF:8
LH:8
BRDA:10,0,0,8
BRDA:12,1,0,1
BRDA:12,1,1,1
BRDA:12,1,2,1
BRDA:12,1,3,1
BRDA:12,1,4,1
BRDA:12,1,5,1
BRDA:12,1,6,20
BRF:8
BRH:8
end_of_record
TN:
SF:/Users/aquilesmariani/Projects/chipperApp/website/web/src/redux/modules/env/initialState.js
FNF:0
FNH:0
DA:2,1
LF:1
LH:1
BRF:0
BRH:0
end_of_record
TN:
SF:/Users/aquilesmariani/Projects/chipperApp/website/web/src/redux/modules/env/reducer.js
FN:7,reducer
FNF:1
FNH:1
FNDA:18,reducer
DA:9,18
LF:1
LH:1
BRDA:7,0,0,7
BRF:1
BRH:1
end_of_record
TN:
SF:/Users/aquilesmariani/Projects/chipperApp/website/web/src/redux/modules/examples/index.js
FNF:0
FNH:0
DA:16,1
LF:1
LH:1
BRF:0
BRH:0
end_of_record
TN:
SF:/Users/aquilesmariani/Projects/chipperApp/website/web/src/redux/modules/examples/profile/actions.js
FN:7,(anonymous_0)
FN:11,(anonymous_1)
FN:16,(anonymous_2)
FNF:3
FNH:0
FNDA:0,(anonymous_0)
FNDA:0,(anonymous_1)
FNDA:0,(anonymous_2)
DA:7,1
DA:11,1
DA:16,1
LF:3
LH:3
BRF:0
BRH:0
end_of_record
TN:
SF:/Users/aquilesmariani/Projects/chipperApp/website/web/src/redux/modules/examples/profile/consts.js
FNF:0
FNH:0
DA:2,2
DA:3,2
DA:4,2
LF:3
LH:3
BRF:0
BRH:0
end_of_record
TN:
SF:/Users/aquilesmariani/Projects/chipperApp/website/web/src/redux/modules/examples/profile/initialState.js
FNF:0
FNH:0
DA:4,2
DA:15,2
LF:2
LH:2
BRF:0
BRH:0
end_of_record
TN:
SF:/Users/aquilesmariani/Projects/chipperApp/website/web/src/redux/modules/examples/profile/reducer.js
FN:11,reducer
FNF:1
FNH:1
FNDA:21,reducer
DA:13,21
DA:16,0
DA:22,0
DA:30,0
DA:38,21
LF:5
LH:2
BRDA:11,0,0,9
BRDA:13,1,0,0
BRDA:13,1,1,0
BRDA:13,1,2,0
BRDA:13,1,3,21
BRF:5
BRH:2
end_of_record
TN:
SF:/Users/aquilesmariani/Projects/chipperApp/website/web/src/redux/modules/examples/todos/consts.js
FNF:0
FNH:0
DA:5,3
DA:6,3
DA:9,3
DA:10,3
LF:4
LH:4
BRF:0
BRH:0
end_of_record
TN:
SF:/Users/aquilesmariani/Projects/chipperApp/website/web/src/redux/modules/examples/todos/initialState.js
FNF:0
FNH:0
DA:5,3
LF:1
LH:1
BRF:0
BRH:0
end_of_record
TN:
SF:/Users/aquilesmariani/Projects/chipperApp/website/web/src/redux/modules/examples/todos/mocks.js
FNF:0
FNH:0
DA:3,1
DA:9,1
LF:2
LH:2
BRF:0
BRH:0
end_of_record
TN:
SF:/Users/aquilesmariani/Projects/chipperApp/website/web/src/redux/modules/examples/todos/reducer.js
FN:10,reducer
FNF:1
FNH:1
FNDA:28,reducer
DA:12,28
DA:15,0
DA:21,1
DA:27,1
DA:35,1
DA:42,1
DA:48,1
DA:54,1
DA:60,22
LF:9
LH:8
BRDA:10,0,0,10
BRDA:12,1,0,0
BRDA:12,1,1,1
BRDA:12,1,2,1
BRDA:12,1,3,1
BRDA:12,1,4,1
BRDA:12,1,5,1
BRDA:12,1,6,1
BRDA:12,1,7,22
BRF:9
BRH:8
end_of_record
TN:
SF:/Users/aquilesmariani/Projects/chipperApp/website/web/src/redux/modules/init/consts.js
FNF:0
FNH:0
DA:2,2
DA:3,2
LF:2
LH:2
BRF:0
BRH:0
end_of_record
TN:
SF:/Users/aquilesmariani/Projects/chipperApp/website/web/src/redux/modules/init/initialState.js
FNF:0
FNH:0
DA:2,2
LF:1
LH:1
BRF:0
BRH:0
end_of_record
TN:
SF:/Users/aquilesmariani/Projects/chipperApp/website/web/src/redux/modules/init/reducer.js
FN:7,reducer
FNF:1
FNH:1
FNDA:21,reducer
DA:9,21
DA:12,1
DA:18,1
DA:25,19
LF:4
LH:4
BRDA:7,0,0,7
BRDA:9,1,0,1
BRDA:9,1,1,1
BRDA:9,1,2,19
BRF:4
BRH:4
end_of_record
TN:
SF:/Users/aquilesmariani/Projects/chipperApp/website/web/src/redux/modules/request/initialState.js
FNF:0
FNH:0
DA:2,1
LF:1
LH:1
BRF:0
BRH:0
end_of_record
TN:
SF:/Users/aquilesmariani/Projects/chipperApp/website/web/src/redux/modules/request/reducer.js
FN:7,reducer
FNF:1
FNH:1
FNDA:18,reducer
DA:12,18
LF:1
LH:1
BRDA:8,0,0,7
BRF:1
BRH:1
end_of_record
TN:
SF:/Users/aquilesmariani/Projects/chipperApp/website/web/src/redux/modules/ui/consts.js
FNF:0
FNH:0
DA:2,1
DA:3,1
DA:5,1
DA:6,1
LF:4
LH:4
BRF:0
BRH:0
end_of_record
TN:
SF:/Users/aquilesmariani/Projects/chipperApp/website/web/src/redux/modules/ui/initialState.js
FNF:0
FNH:0
DA:4,1
LF:1
LH:1
BRF:0
BRH:0
end_of_record
TN:
SF:/Users/aquilesmariani/Projects/chipperApp/website/web/src/redux/modules/ui/reducer.js
FN:15,reducer
FNF:1
FNH:1
FNDA:18,reducer
DA:17,18
DA:20,0
DA:26,0
DA:32,0
DA:38,0
DA:44,0
DA:50,18
LF:7
LH:2
BRDA:15,0,0,7
BRDA:17,1,0,0
BRDA:17,1,1,0
BRDA:17,1,2,0
BRDA:17,1,3,0
BRDA:17,1,4,0
BRDA:17,1,5,18
BRF:7
BRH:2
end_of_record
